{"/Users/marvinmolloramirez/7mo Semestre/Arquitectura software/proyecto 1/BackEnd-Proyecto-Arqui/src/middlewares/autenticacion.middleware.js": {"path":"/Users/marvinmolloramirez/7mo Semestre/Arquitectura software/proyecto 1/BackEnd-Proyecto-Arqui/src/middlewares/autenticacion.middleware.js","statementMap":{"0":{"start":{"line":5,"column":30},"end":{"line":76,"column":1}},"1":{"start":{"line":6,"column":17},"end":{"line":6,"column":42}},"2":{"start":{"line":7,"column":2},"end":{"line":16,"column":3}},"3":{"start":{"line":8,"column":4},"end":{"line":12,"column":24}},"4":{"start":{"line":13,"column":16},"end":{"line":13,"column":51}},"5":{"start":{"line":14,"column":4},"end":{"line":14,"column":25}},"6":{"start":{"line":15,"column":4},"end":{"line":15,"column":21}},"7":{"start":{"line":18,"column":16},"end":{"line":18,"column":36}},"8":{"start":{"line":19,"column":2},"end":{"line":75,"column":3}},"9":{"start":{"line":20,"column":25},"end":{"line":23,"column":6}},"10":{"start":{"line":26,"column":17},"end":{"line":29,"column":5}},"11":{"start":{"line":30,"column":16},"end":{"line":30,"column":28}},"12":{"start":{"line":32,"column":4},"end":{"line":44,"column":5}},"13":{"start":{"line":33,"column":6},"end":{"line":40,"column":26}},"14":{"start":{"line":41,"column":18},"end":{"line":41,"column":66}},"15":{"start":{"line":42,"column":6},"end":{"line":42,"column":27}},"16":{"start":{"line":43,"column":6},"end":{"line":43,"column":23}},"17":{"start":{"line":46,"column":4},"end":{"line":61,"column":5}},"18":{"start":{"line":47,"column":25},"end":{"line":47,"column":88}},"19":{"start":{"line":48,"column":6},"end":{"line":60,"column":7}},"20":{"start":{"line":49,"column":8},"end":{"line":56,"column":28}},"21":{"start":{"line":57,"column":20},"end":{"line":57,"column":82}},"22":{"start":{"line":58,"column":8},"end":{"line":58,"column":29}},"23":{"start":{"line":59,"column":8},"end":{"line":59,"column":25}},"24":{"start":{"line":63,"column":4},"end":{"line":63,"column":31}},"25":{"start":{"line":64,"column":4},"end":{"line":64,"column":11}},"26":{"start":{"line":66,"column":4},"end":{"line":71,"column":24}},"27":{"start":{"line":72,"column":22},"end":{"line":72,"column":60}},"28":{"start":{"line":73,"column":4},"end":{"line":73,"column":31}},"29":{"start":{"line":74,"column":4},"end":{"line":74,"column":27}}},"fnMap":{"0":{"name":"(anonymous_0)","decl":{"start":{"line":5,"column":30},"end":{"line":5,"column":31}},"loc":{"start":{"line":5,"column":56},"end":{"line":76,"column":1}},"line":5},"1":{"name":"(anonymous_1)","decl":{"start":{"line":12,"column":13},"end":{"line":12,"column":14}},"loc":{"start":{"line":12,"column":19},"end":{"line":12,"column":22}},"line":12},"2":{"name":"(anonymous_2)","decl":{"start":{"line":40,"column":15},"end":{"line":40,"column":16}},"loc":{"start":{"line":40,"column":21},"end":{"line":40,"column":24}},"line":40},"3":{"name":"(anonymous_3)","decl":{"start":{"line":56,"column":17},"end":{"line":56,"column":18}},"loc":{"start":{"line":56,"column":23},"end":{"line":56,"column":26}},"line":56},"4":{"name":"(anonymous_4)","decl":{"start":{"line":71,"column":13},"end":{"line":71,"column":14}},"loc":{"start":{"line":71,"column":19},"end":{"line":71,"column":22}},"line":71}},"branchMap":{"0":{"loc":{"start":{"line":7,"column":2},"end":{"line":16,"column":3}},"type":"if","locations":[{"start":{"line":7,"column":2},"end":{"line":16,"column":3}},{"start":{},"end":{}}],"line":7},"1":{"loc":{"start":{"line":32,"column":4},"end":{"line":44,"column":5}},"type":"if","locations":[{"start":{"line":32,"column":4},"end":{"line":44,"column":5}},{"start":{},"end":{}}],"line":32},"2":{"loc":{"start":{"line":46,"column":4},"end":{"line":61,"column":5}},"type":"if","locations":[{"start":{"line":46,"column":4},"end":{"line":61,"column":5}},{"start":{},"end":{}}],"line":46},"3":{"loc":{"start":{"line":48,"column":6},"end":{"line":60,"column":7}},"type":"if","locations":[{"start":{"line":48,"column":6},"end":{"line":60,"column":7}},{"start":{},"end":{}}],"line":48},"4":{"loc":{"start":{"line":67,"column":14},"end":{"line":67,"column":85}},"type":"cond-expr","locations":[{"start":{"line":67,"column":50},"end":{"line":67,"column":66}},{"start":{"line":67,"column":69},"end":{"line":67,"column":85}}],"line":67},"5":{"loc":{"start":{"line":70,"column":25},"end":{"line":70,"column":52}},"type":"binary-expr","locations":[{"start":{"line":70,"column":25},"end":{"line":70,"column":34}},{"start":{"line":70,"column":38},"end":{"line":70,"column":52}}],"line":70}},"s":{"0":1,"1":10,"2":10,"3":1,"4":1,"5":1,"6":1,"7":9,"8":9,"9":9,"10":8,"11":8,"12":8,"13":2,"14":2,"15":2,"16":2,"17":6,"18":2,"19":2,"20":1,"21":1,"22":1,"23":1,"24":5,"25":5,"26":1,"27":1,"28":1,"29":1},"f":{"0":10,"1":0,"2":0,"3":0,"4":0},"b":{"0":[1,9],"1":[2,6],"2":[2,4],"3":[1,1],"4":[0,1],"5":[1,0]},"inputSourceMap":null,"_coverageSchema":"1a1c01bbd47fc00a2c39e90264f33305004495a9","hash":"887e698f31d8e39192546ae0a94ea424a12bfbed"}
,"/Users/marvinmolloramirez/7mo Semestre/Arquitectura software/proyecto 1/BackEnd-Proyecto-Arqui/src/middlewares/roles.middleware.js": {"path":"/Users/marvinmolloramirez/7mo Semestre/Arquitectura software/proyecto 1/BackEnd-Proyecto-Arqui/src/middlewares/roles.middleware.js","statementMap":{"0":{"start":{"line":5,"column":28},"end":{"line":30,"column":1}},"1":{"start":{"line":6,"column":21},"end":{"line":6,"column":33}},"2":{"start":{"line":7,"column":2},"end":{"line":29,"column":4}},"3":{"start":{"line":8,"column":4},"end":{"line":27,"column":5}},"4":{"start":{"line":9,"column":6},"end":{"line":19,"column":26}},"5":{"start":{"line":24,"column":18},"end":{"line":24,"column":46}},"6":{"start":{"line":25,"column":6},"end":{"line":25,"column":27}},"7":{"start":{"line":26,"column":6},"end":{"line":26,"column":23}},"8":{"start":{"line":28,"column":4},"end":{"line":28,"column":11}},"9":{"start":{"line":35,"column":32},"end":{"line":83,"column":1}},"10":{"start":{"line":36,"column":21},"end":{"line":36,"column":46}},"11":{"start":{"line":37,"column":2},"end":{"line":82,"column":4}},"12":{"start":{"line":38,"column":4},"end":{"line":81,"column":5}},"13":{"start":{"line":39,"column":20},"end":{"line":39,"column":39}},"14":{"start":{"line":40,"column":6},"end":{"line":52,"column":7}},"15":{"start":{"line":41,"column":8},"end":{"line":48,"column":28}},"16":{"start":{"line":49,"column":20},"end":{"line":49,"column":48}},"17":{"start":{"line":50,"column":8},"end":{"line":50,"column":29}},"18":{"start":{"line":51,"column":8},"end":{"line":51,"column":25}},"19":{"start":{"line":54,"column":23},"end":{"line":54,"column":54}},"20":{"start":{"line":57,"column":6},"end":{"line":75,"column":7}},"21":{"start":{"line":57,"column":57},"end":{"line":57,"column":77}},"22":{"start":{"line":58,"column":8},"end":{"line":68,"column":28}},"23":{"start":{"line":72,"column":20},"end":{"line":72,"column":48}},"24":{"start":{"line":73,"column":8},"end":{"line":73,"column":29}},"25":{"start":{"line":74,"column":8},"end":{"line":74,"column":25}},"26":{"start":{"line":76,"column":6},"end":{"line":76,"column":13}},"27":{"start":{"line":78,"column":18},"end":{"line":78,"column":58}},"28":{"start":{"line":79,"column":6},"end":{"line":79,"column":27}},"29":{"start":{"line":80,"column":6},"end":{"line":80,"column":16}}},"fnMap":{"0":{"name":"(anonymous_0)","decl":{"start":{"line":5,"column":28},"end":{"line":5,"column":29}},"loc":{"start":{"line":5,"column":42},"end":{"line":30,"column":1}},"line":5},"1":{"name":"(anonymous_1)","decl":{"start":{"line":7,"column":9},"end":{"line":7,"column":10}},"loc":{"start":{"line":7,"column":29},"end":{"line":29,"column":3}},"line":7},"2":{"name":"(anonymous_2)","decl":{"start":{"line":19,"column":15},"end":{"line":19,"column":16}},"loc":{"start":{"line":19,"column":21},"end":{"line":19,"column":24}},"line":19},"3":{"name":"(anonymous_3)","decl":{"start":{"line":35,"column":32},"end":{"line":35,"column":33}},"loc":{"start":{"line":35,"column":59},"end":{"line":83,"column":1}},"line":35},"4":{"name":"(anonymous_4)","decl":{"start":{"line":37,"column":9},"end":{"line":37,"column":10}},"loc":{"start":{"line":37,"column":35},"end":{"line":82,"column":3}},"line":37},"5":{"name":"(anonymous_5)","decl":{"start":{"line":48,"column":17},"end":{"line":48,"column":18}},"loc":{"start":{"line":48,"column":23},"end":{"line":48,"column":26}},"line":48},"6":{"name":"(anonymous_6)","decl":{"start":{"line":57,"column":52},"end":{"line":57,"column":53}},"loc":{"start":{"line":57,"column":57},"end":{"line":57,"column":77}},"line":57},"7":{"name":"(anonymous_7)","decl":{"start":{"line":68,"column":17},"end":{"line":68,"column":18}},"loc":{"start":{"line":68,"column":23},"end":{"line":68,"column":26}},"line":68}},"branchMap":{"0":{"loc":{"start":{"line":8,"column":4},"end":{"line":27,"column":5}},"type":"if","locations":[{"start":{"line":8,"column":4},"end":{"line":27,"column":5}},{"start":{},"end":{}}],"line":8},"1":{"loc":{"start":{"line":17,"column":22},"end":{"line":17,"column":46}},"type":"binary-expr","locations":[{"start":{"line":17,"column":22},"end":{"line":17,"column":38}},{"start":{"line":17,"column":42},"end":{"line":17,"column":46}}],"line":17},"2":{"loc":{"start":{"line":40,"column":6},"end":{"line":52,"column":7}},"type":"if","locations":[{"start":{"line":40,"column":6},"end":{"line":52,"column":7}},{"start":{},"end":{}}],"line":40},"3":{"loc":{"start":{"line":57,"column":6},"end":{"line":75,"column":7}},"type":"if","locations":[{"start":{"line":57,"column":6},"end":{"line":75,"column":7}},{"start":{},"end":{}}],"line":57},"4":{"loc":{"start":{"line":57,"column":10},"end":{"line":57,"column":78}},"type":"binary-expr","locations":[{"start":{"line":57,"column":10},"end":{"line":57,"column":31}},{"start":{"line":57,"column":35},"end":{"line":57,"column":78}}],"line":57}},"s":{"0":1,"1":3,"2":3,"3":3,"4":1,"5":1,"6":1,"7":1,"8":2,"9":1,"10":4,"11":4,"12":4,"13":4,"14":4,"15":1,"16":1,"17":1,"18":1,"19":3,"20":2,"21":2,"22":1,"23":1,"24":1,"25":1,"26":1,"27":1,"28":1,"29":1},"f":{"0":3,"1":3,"2":0,"3":4,"4":4,"5":0,"6":2,"7":0},"b":{"0":[1,2],"1":[1,0],"2":[1,3],"3":[1,1],"4":[2,2]},"inputSourceMap":null,"_coverageSchema":"1a1c01bbd47fc00a2c39e90264f33305004495a9","hash":"6239cce1b630d7fe224148294516350113b8cc42"}
,"/Users/marvinmolloramirez/7mo Semestre/Arquitectura software/proyecto 1/BackEnd-Proyecto-Arqui/src/middlewares/sanitizacion.middleware.js": {"path":"/Users/marvinmolloramirez/7mo Semestre/Arquitectura software/proyecto 1/BackEnd-Proyecto-Arqui/src/middlewares/sanitizacion.middleware.js","statementMap":{"0":{"start":{"line":24,"column":31},"end":{"line":42,"column":2}},"1":{"start":{"line":44,"column":18},"end":{"line":44,"column":19}},"2":{"start":{"line":46,"column":20},"end":{"line":52,"column":32}},"3":{"start":{"line":47,"column":4},"end":{"line":52,"column":32}},"4":{"start":{"line":54,"column":22},"end":{"line":68,"column":1}},"5":{"start":{"line":55,"column":4},"end":{"line":55,"column":48}},"6":{"start":{"line":55,"column":35},"end":{"line":55,"column":48}},"7":{"start":{"line":57,"column":17},"end":{"line":60,"column":15}},"8":{"start":{"line":63,"column":4},"end":{"line":65,"column":5}},"9":{"start":{"line":64,"column":8},"end":{"line":64,"column":22}},"10":{"start":{"line":67,"column":4},"end":{"line":67,"column":31}},"11":{"start":{"line":70,"column":18},"end":{"line":92,"column":1}},"12":{"start":{"line":71,"column":4},"end":{"line":71,"column":75}},"13":{"start":{"line":71,"column":64},"end":{"line":71,"column":75}},"14":{"start":{"line":73,"column":4},"end":{"line":75,"column":5}},"15":{"start":{"line":74,"column":8},"end":{"line":74,"column":61}},"16":{"start":{"line":74,"column":33},"end":{"line":74,"column":59}},"17":{"start":{"line":77,"column":4},"end":{"line":89,"column":5}},"18":{"start":{"line":78,"column":23},"end":{"line":78,"column":25}},"19":{"start":{"line":79,"column":8},"end":{"line":87,"column":9}},"20":{"start":{"line":80,"column":12},"end":{"line":86,"column":13}},"21":{"start":{"line":81,"column":16},"end":{"line":81,"column":74}},"22":{"start":{"line":82,"column":19},"end":{"line":86,"column":13}},"23":{"start":{"line":83,"column":16},"end":{"line":83,"column":60}},"24":{"start":{"line":85,"column":16},"end":{"line":85,"column":38}},"25":{"start":{"line":88,"column":8},"end":{"line":88,"column":22}},"26":{"start":{"line":91,"column":4},"end":{"line":91,"column":15}},"27":{"start":{"line":103,"column":32},"end":{"line":112,"column":2}},"28":{"start":{"line":116,"column":18},"end":{"line":116,"column":73}},"29":{"start":{"line":120,"column":28},"end":{"line":130,"column":1}},"30":{"start":{"line":121,"column":4},"end":{"line":121,"column":48}},"31":{"start":{"line":121,"column":35},"end":{"line":121,"column":48}},"32":{"start":{"line":122,"column":4},"end":{"line":129,"column":6}},"33":{"start":{"line":125,"column":27},"end":{"line":125,"column":43}},"34":{"start":{"line":126,"column":12},"end":{"line":126,"column":50}},"35":{"start":{"line":126,"column":37},"end":{"line":126,"column":50}},"36":{"start":{"line":127,"column":12},"end":{"line":127,"column":51}},"37":{"start":{"line":134,"column":25},"end":{"line":136,"column":57}},"38":{"start":{"line":135,"column":4},"end":{"line":136,"column":57}},"39":{"start":{"line":138,"column":22},"end":{"line":162,"column":1}},"40":{"start":{"line":139,"column":4},"end":{"line":139,"column":75}},"41":{"start":{"line":139,"column":64},"end":{"line":139,"column":75}},"42":{"start":{"line":140,"column":4},"end":{"line":140,"column":42}},"43":{"start":{"line":140,"column":31},"end":{"line":140,"column":42}},"44":{"start":{"line":142,"column":4},"end":{"line":144,"column":5}},"45":{"start":{"line":143,"column":8},"end":{"line":143,"column":65}},"46":{"start":{"line":143,"column":33},"end":{"line":143,"column":63}},"47":{"start":{"line":146,"column":4},"end":{"line":159,"column":5}},"48":{"start":{"line":147,"column":23},"end":{"line":147,"column":25}},"49":{"start":{"line":148,"column":8},"end":{"line":157,"column":9}},"50":{"start":{"line":149,"column":12},"end":{"line":149,"column":61}},"51":{"start":{"line":149,"column":52},"end":{"line":149,"column":61}},"52":{"start":{"line":150,"column":12},"end":{"line":156,"column":13}},"53":{"start":{"line":151,"column":16},"end":{"line":151,"column":59}},"54":{"start":{"line":152,"column":19},"end":{"line":156,"column":13}},"55":{"start":{"line":153,"column":16},"end":{"line":153,"column":64}},"56":{"start":{"line":155,"column":16},"end":{"line":155,"column":38}},"57":{"start":{"line":158,"column":8},"end":{"line":158,"column":22}},"58":{"start":{"line":161,"column":4},"end":{"line":161,"column":15}},"59":{"start":{"line":164,"column":31},"end":{"line":168,"column":1}},"60":{"start":{"line":165,"column":25},"end":{"line":165,"column":43}},"61":{"start":{"line":166,"column":4},"end":{"line":166,"column":59}},"62":{"start":{"line":166,"column":25},"end":{"line":166,"column":58}},"63":{"start":{"line":167,"column":4},"end":{"line":167,"column":11}},"64":{"start":{"line":170,"column":32},"end":{"line":192,"column":1}},"65":{"start":{"line":171,"column":4},"end":{"line":173,"column":5}},"66":{"start":{"line":172,"column":8},"end":{"line":172,"column":39}},"67":{"start":{"line":174,"column":4},"end":{"line":182,"column":5}},"68":{"start":{"line":176,"column":8},"end":{"line":181,"column":9}},"69":{"start":{"line":177,"column":26},"end":{"line":177,"column":42}},"70":{"start":{"line":178,"column":12},"end":{"line":180,"column":13}},"71":{"start":{"line":179,"column":16},"end":{"line":179,"column":77}},"72":{"start":{"line":183,"column":4},"end":{"line":190,"column":5}},"73":{"start":{"line":184,"column":8},"end":{"line":189,"column":9}},"74":{"start":{"line":185,"column":26},"end":{"line":185,"column":43}},"75":{"start":{"line":186,"column":12},"end":{"line":188,"column":13}},"76":{"start":{"line":187,"column":16},"end":{"line":187,"column":78}},"77":{"start":{"line":191,"column":4},"end":{"line":191,"column":11}}},"fnMap":{"0":{"name":"(anonymous_0)","decl":{"start":{"line":46,"column":20},"end":{"line":46,"column":21}},"loc":{"start":{"line":47,"column":4},"end":{"line":52,"column":32}},"line":47},"1":{"name":"(anonymous_1)","decl":{"start":{"line":54,"column":22},"end":{"line":54,"column":23}},"loc":{"start":{"line":54,"column":46},"end":{"line":68,"column":1}},"line":54},"2":{"name":"(anonymous_2)","decl":{"start":{"line":70,"column":18},"end":{"line":70,"column":19}},"loc":{"start":{"line":70,"column":38},"end":{"line":92,"column":1}},"line":70},"3":{"name":"(anonymous_3)","decl":{"start":{"line":74,"column":23},"end":{"line":74,"column":24}},"loc":{"start":{"line":74,"column":33},"end":{"line":74,"column":59}},"line":74},"4":{"name":"(anonymous_4)","decl":{"start":{"line":120,"column":28},"end":{"line":120,"column":29}},"loc":{"start":{"line":120,"column":39},"end":{"line":130,"column":1}},"line":120},"5":{"name":"(anonymous_5)","decl":{"start":{"line":124,"column":8},"end":{"line":124,"column":9}},"loc":{"start":{"line":124,"column":19},"end":{"line":128,"column":9}},"line":124},"6":{"name":"(anonymous_6)","decl":{"start":{"line":134,"column":25},"end":{"line":134,"column":26}},"loc":{"start":{"line":135,"column":4},"end":{"line":136,"column":57}},"line":135},"7":{"name":"(anonymous_7)","decl":{"start":{"line":138,"column":22},"end":{"line":138,"column":23}},"loc":{"start":{"line":138,"column":42},"end":{"line":162,"column":1}},"line":138},"8":{"name":"(anonymous_8)","decl":{"start":{"line":143,"column":23},"end":{"line":143,"column":24}},"loc":{"start":{"line":143,"column":33},"end":{"line":143,"column":63}},"line":143},"9":{"name":"(anonymous_9)","decl":{"start":{"line":164,"column":31},"end":{"line":164,"column":32}},"loc":{"start":{"line":164,"column":52},"end":{"line":168,"column":1}},"line":164},"10":{"name":"(anonymous_10)","decl":{"start":{"line":166,"column":15},"end":{"line":166,"column":16}},"loc":{"start":{"line":166,"column":25},"end":{"line":166,"column":58}},"line":166},"11":{"name":"(anonymous_11)","decl":{"start":{"line":170,"column":32},"end":{"line":170,"column":33}},"loc":{"start":{"line":170,"column":53},"end":{"line":192,"column":1}},"line":170}},"branchMap":{"0":{"loc":{"start":{"line":55,"column":4},"end":{"line":55,"column":48}},"type":"if","locations":[{"start":{"line":55,"column":4},"end":{"line":55,"column":48}},{"start":{},"end":{}}],"line":55},"1":{"loc":{"start":{"line":63,"column":4},"end":{"line":65,"column":5}},"type":"if","locations":[{"start":{"line":63,"column":4},"end":{"line":65,"column":5}},{"start":{},"end":{}}],"line":63},"2":{"loc":{"start":{"line":70,"column":24},"end":{"line":70,"column":33}},"type":"default-arg","locations":[{"start":{"line":70,"column":32},"end":{"line":70,"column":33}}],"line":70},"3":{"loc":{"start":{"line":71,"column":4},"end":{"line":71,"column":75}},"type":"if","locations":[{"start":{"line":71,"column":4},"end":{"line":71,"column":75}},{"start":{},"end":{}}],"line":71},"4":{"loc":{"start":{"line":71,"column":8},"end":{"line":71,"column":62}},"type":"binary-expr","locations":[{"start":{"line":71,"column":8},"end":{"line":71,"column":25}},{"start":{"line":71,"column":29},"end":{"line":71,"column":41}},{"start":{"line":71,"column":45},"end":{"line":71,"column":62}}],"line":71},"5":{"loc":{"start":{"line":73,"column":4},"end":{"line":75,"column":5}},"type":"if","locations":[{"start":{"line":73,"column":4},"end":{"line":75,"column":5}},{"start":{},"end":{}}],"line":73},"6":{"loc":{"start":{"line":77,"column":4},"end":{"line":89,"column":5}},"type":"if","locations":[{"start":{"line":77,"column":4},"end":{"line":89,"column":5}},{"start":{},"end":{}}],"line":77},"7":{"loc":{"start":{"line":80,"column":12},"end":{"line":86,"column":13}},"type":"if","locations":[{"start":{"line":80,"column":12},"end":{"line":86,"column":13}},{"start":{"line":82,"column":19},"end":{"line":86,"column":13}}],"line":80},"8":{"loc":{"start":{"line":82,"column":19},"end":{"line":86,"column":13}},"type":"if","locations":[{"start":{"line":82,"column":19},"end":{"line":86,"column":13}},{"start":{"line":84,"column":19},"end":{"line":86,"column":13}}],"line":82},"9":{"loc":{"start":{"line":82,"column":23},"end":{"line":82,"column":66}},"type":"binary-expr","locations":[{"start":{"line":82,"column":23},"end":{"line":82,"column":48}},{"start":{"line":82,"column":52},"end":{"line":82,"column":66}}],"line":82},"10":{"loc":{"start":{"line":121,"column":4},"end":{"line":121,"column":48}},"type":"if","locations":[{"start":{"line":121,"column":4},"end":{"line":121,"column":48}},{"start":{},"end":{}}],"line":121},"11":{"loc":{"start":{"line":126,"column":12},"end":{"line":126,"column":50}},"type":"if","locations":[{"start":{"line":126,"column":12},"end":{"line":126,"column":50}},{"start":{},"end":{}}],"line":126},"12":{"loc":{"start":{"line":135,"column":4},"end":{"line":136,"column":57}},"type":"binary-expr","locations":[{"start":{"line":135,"column":4},"end":{"line":135,"column":21}},{"start":{"line":136,"column":5},"end":{"line":136,"column":34}},{"start":{"line":136,"column":38},"end":{"line":136,"column":56}}],"line":135},"13":{"loc":{"start":{"line":138,"column":28},"end":{"line":138,"column":37}},"type":"default-arg","locations":[{"start":{"line":138,"column":36},"end":{"line":138,"column":37}}],"line":138},"14":{"loc":{"start":{"line":139,"column":4},"end":{"line":139,"column":75}},"type":"if","locations":[{"start":{"line":139,"column":4},"end":{"line":139,"column":75}},{"start":{},"end":{}}],"line":139},"15":{"loc":{"start":{"line":139,"column":8},"end":{"line":139,"column":62}},"type":"binary-expr","locations":[{"start":{"line":139,"column":8},"end":{"line":139,"column":25}},{"start":{"line":139,"column":29},"end":{"line":139,"column":41}},{"start":{"line":139,"column":45},"end":{"line":139,"column":62}}],"line":139},"16":{"loc":{"start":{"line":140,"column":4},"end":{"line":140,"column":42}},"type":"if","locations":[{"start":{"line":140,"column":4},"end":{"line":140,"column":42}},{"start":{},"end":{}}],"line":140},"17":{"loc":{"start":{"line":142,"column":4},"end":{"line":144,"column":5}},"type":"if","locations":[{"start":{"line":142,"column":4},"end":{"line":144,"column":5}},{"start":{},"end":{}}],"line":142},"18":{"loc":{"start":{"line":146,"column":4},"end":{"line":159,"column":5}},"type":"if","locations":[{"start":{"line":146,"column":4},"end":{"line":159,"column":5}},{"start":{},"end":{}}],"line":146},"19":{"loc":{"start":{"line":149,"column":12},"end":{"line":149,"column":61}},"type":"if","locations":[{"start":{"line":149,"column":12},"end":{"line":149,"column":61}},{"start":{},"end":{}}],"line":149},"20":{"loc":{"start":{"line":150,"column":12},"end":{"line":156,"column":13}},"type":"if","locations":[{"start":{"line":150,"column":12},"end":{"line":156,"column":13}},{"start":{"line":152,"column":19},"end":{"line":156,"column":13}}],"line":150},"21":{"loc":{"start":{"line":150,"column":16},"end":{"line":150,"column":79}},"type":"binary-expr","locations":[{"start":{"line":150,"column":16},"end":{"line":150,"column":50}},{"start":{"line":150,"column":54},"end":{"line":150,"column":79}}],"line":150},"22":{"loc":{"start":{"line":152,"column":19},"end":{"line":156,"column":13}},"type":"if","locations":[{"start":{"line":152,"column":19},"end":{"line":156,"column":13}},{"start":{"line":154,"column":19},"end":{"line":156,"column":13}}],"line":152},"23":{"loc":{"start":{"line":152,"column":23},"end":{"line":152,"column":94}},"type":"binary-expr","locations":[{"start":{"line":152,"column":23},"end":{"line":152,"column":37}},{"start":{"line":152,"column":41},"end":{"line":152,"column":66}},{"start":{"line":152,"column":70},"end":{"line":152,"column":94}}],"line":152},"24":{"loc":{"start":{"line":171,"column":4},"end":{"line":173,"column":5}},"type":"if","locations":[{"start":{"line":171,"column":4},"end":{"line":173,"column":5}},{"start":{},"end":{}}],"line":171},"25":{"loc":{"start":{"line":171,"column":8},"end":{"line":171,"column":48}},"type":"binary-expr","locations":[{"start":{"line":171,"column":8},"end":{"line":171,"column":16}},{"start":{"line":171,"column":20},"end":{"line":171,"column":48}}],"line":171},"26":{"loc":{"start":{"line":174,"column":4},"end":{"line":182,"column":5}},"type":"if","locations":[{"start":{"line":174,"column":4},"end":{"line":182,"column":5}},{"start":{},"end":{}}],"line":174},"27":{"loc":{"start":{"line":174,"column":8},"end":{"line":174,"column":50}},"type":"binary-expr","locations":[{"start":{"line":174,"column":8},"end":{"line":174,"column":17}},{"start":{"line":174,"column":21},"end":{"line":174,"column":50}}],"line":174},"28":{"loc":{"start":{"line":178,"column":12},"end":{"line":180,"column":13}},"type":"if","locations":[{"start":{"line":178,"column":12},"end":{"line":180,"column":13}},{"start":{},"end":{}}],"line":178},"29":{"loc":{"start":{"line":183,"column":4},"end":{"line":190,"column":5}},"type":"if","locations":[{"start":{"line":183,"column":4},"end":{"line":190,"column":5}},{"start":{},"end":{}}],"line":183},"30":{"loc":{"start":{"line":183,"column":8},"end":{"line":183,"column":52}},"type":"binary-expr","locations":[{"start":{"line":183,"column":8},"end":{"line":183,"column":18}},{"start":{"line":183,"column":22},"end":{"line":183,"column":52}}],"line":183},"31":{"loc":{"start":{"line":186,"column":12},"end":{"line":188,"column":13}},"type":"if","locations":[{"start":{"line":186,"column":12},"end":{"line":188,"column":13}},{"start":{},"end":{}}],"line":186}},"s":{"0":0,"1":0,"2":0,"3":0,"4":0,"5":0,"6":0,"7":0,"8":0,"9":0,"10":0,"11":0,"12":0,"13":0,"14":0,"15":0,"16":0,"17":0,"18":0,"19":0,"20":0,"21":0,"22":0,"23":0,"24":0,"25":0,"26":0,"27":0,"28":0,"29":0,"30":0,"31":0,"32":0,"33":0,"34":0,"35":0,"36":0,"37":0,"38":0,"39":0,"40":0,"41":0,"42":0,"43":0,"44":0,"45":0,"46":0,"47":0,"48":0,"49":0,"50":0,"51":0,"52":0,"53":0,"54":0,"55":0,"56":0,"57":0,"58":0,"59":0,"60":0,"61":0,"62":0,"63":0,"64":0,"65":0,"66":0,"67":0,"68":0,"69":0,"70":0,"71":0,"72":0,"73":0,"74":0,"75":0,"76":0,"77":0},"f":{"0":0,"1":0,"2":0,"3":0,"4":0,"5":0,"6":0,"7":0,"8":0,"9":0,"10":0,"11":0},"b":{"0":[0,0],"1":[0,0],"2":[0],"3":[0,0],"4":[0,0,0],"5":[0,0],"6":[0,0],"7":[0,0],"8":[0,0],"9":[0,0],"10":[0,0],"11":[0,0],"12":[0,0,0],"13":[0],"14":[0,0],"15":[0,0,0],"16":[0,0],"17":[0,0],"18":[0,0],"19":[0,0],"20":[0,0],"21":[0,0],"22":[0,0],"23":[0,0,0],"24":[0,0],"25":[0,0],"26":[0,0],"27":[0,0],"28":[0,0],"29":[0,0],"30":[0,0],"31":[0,0]},"inputSourceMap":null}
,"/Users/marvinmolloramirez/7mo Semestre/Arquitectura software/proyecto 1/BackEnd-Proyecto-Arqui/src/middlewares/secureByDefault.middleware.js": {"path":"/Users/marvinmolloramirez/7mo Semestre/Arquitectura software/proyecto 1/BackEnd-Proyecto-Arqui/src/middlewares/secureByDefault.middleware.js","statementMap":{"0":{"start":{"line":4,"column":20},"end":{"line":19,"column":1}},"1":{"start":{"line":26,"column":31},"end":{"line":43,"column":1}},"2":{"start":{"line":27,"column":25},"end":{"line":27,"column":33}},"3":{"start":{"line":28,"column":19},"end":{"line":28,"column":43}},"4":{"start":{"line":31,"column":23},"end":{"line":35,"column":6}},"5":{"start":{"line":32,"column":29},"end":{"line":32,"column":56}},"6":{"start":{"line":33,"column":31},"end":{"line":33,"column":72}},"7":{"start":{"line":34,"column":8},"end":{"line":34,"column":46}},"8":{"start":{"line":37,"column":4},"end":{"line":39,"column":5}},"9":{"start":{"line":38,"column":8},"end":{"line":38,"column":22}},"10":{"start":{"line":42,"column":4},"end":{"line":42,"column":42}}},"fnMap":{"0":{"name":"(anonymous_0)","decl":{"start":{"line":26,"column":31},"end":{"line":26,"column":32}},"loc":{"start":{"line":26,"column":51},"end":{"line":43,"column":1}},"line":26},"1":{"name":"(anonymous_1)","decl":{"start":{"line":31,"column":40},"end":{"line":31,"column":41}},"loc":{"start":{"line":31,"column":47},"end":{"line":35,"column":5}},"line":31}},"branchMap":{"0":{"loc":{"start":{"line":33,"column":31},"end":{"line":33,"column":72}},"type":"cond-expr","locations":[{"start":{"line":33,"column":44},"end":{"line":33,"column":65}},{"start":{"line":33,"column":68},"end":{"line":33,"column":72}}],"line":33},"1":{"loc":{"start":{"line":34,"column":15},"end":{"line":34,"column":45}},"type":"binary-expr","locations":[{"start":{"line":34,"column":15},"end":{"line":34,"column":27}},{"start":{"line":34,"column":31},"end":{"line":34,"column":45}}],"line":34},"2":{"loc":{"start":{"line":37,"column":4},"end":{"line":39,"column":5}},"type":"if","locations":[{"start":{"line":37,"column":4},"end":{"line":39,"column":5}},{"start":{},"end":{}}],"line":37}},"s":{"0":0,"1":0,"2":0,"3":0,"4":0,"5":0,"6":0,"7":0,"8":0,"9":0,"10":0},"f":{"0":0,"1":0},"b":{"0":[0,0],"1":[0,0],"2":[0,0]},"inputSourceMap":null}
,"/Users/marvinmolloramirez/7mo Semestre/Arquitectura software/proyecto 1/BackEnd-Proyecto-Arqui/src/middlewares/validaciones.auth.js": {"path":"/Users/marvinmolloramirez/7mo Semestre/Arquitectura software/proyecto 1/BackEnd-Proyecto-Arqui/src/middlewares/validaciones.auth.js","statementMap":{"0":{"start":{"line":3,"column":34},"end":{"line":12,"column":1}},"1":{"start":{"line":6,"column":8},"end":{"line":8,"column":9}},"2":{"start":{"line":7,"column":12},"end":{"line":7,"column":78}},"3":{"start":{"line":9,"column":8},"end":{"line":9,"column":20}},"4":{"start":{"line":14,"column":31},"end":{"line":17,"column":1}},"5":{"start":{"line":19,"column":31},"end":{"line":21,"column":1}},"6":{"start":{"line":23,"column":39},"end":{"line":27,"column":1}}},"fnMap":{"0":{"name":"(anonymous_0)","decl":{"start":{"line":5,"column":85},"end":{"line":5,"column":86}},"loc":{"start":{"line":5,"column":96},"end":{"line":10,"column":5}},"line":5}},"branchMap":{"0":{"loc":{"start":{"line":6,"column":8},"end":{"line":8,"column":9}},"type":"if","locations":[{"start":{"line":6,"column":8},"end":{"line":8,"column":9}},{"start":{},"end":{}}],"line":6}},"s":{"0":0,"1":0,"2":0,"3":0,"4":0,"5":0,"6":0},"f":{"0":0},"b":{"0":[0,0]},"inputSourceMap":null}
,"/Users/marvinmolloramirez/7mo Semestre/Arquitectura software/proyecto 1/BackEnd-Proyecto-Arqui/src/middlewares/validation.middleware.js": {"path":"/Users/marvinmolloramirez/7mo Semestre/Arquitectura software/proyecto 1/BackEnd-Proyecto-Arqui/src/middlewares/validation.middleware.js","statementMap":{"0":{"start":{"line":8,"column":29},"end":{"line":21,"column":1}},"1":{"start":{"line":9,"column":20},"end":{"line":9,"column":41}},"2":{"start":{"line":10,"column":4},"end":{"line":19,"column":5}},"3":{"start":{"line":11,"column":8},"end":{"line":18,"column":11}},"4":{"start":{"line":13,"column":50},"end":{"line":17,"column":13}},"5":{"start":{"line":20,"column":4},"end":{"line":20,"column":11}}},"fnMap":{"0":{"name":"(anonymous_0)","decl":{"start":{"line":8,"column":29},"end":{"line":8,"column":30}},"loc":{"start":{"line":8,"column":49},"end":{"line":21,"column":1}},"line":8},"1":{"name":"(anonymous_1)","decl":{"start":{"line":13,"column":42},"end":{"line":13,"column":43}},"loc":{"start":{"line":13,"column":50},"end":{"line":17,"column":13}},"line":13}},"branchMap":{"0":{"loc":{"start":{"line":10,"column":4},"end":{"line":19,"column":5}},"type":"if","locations":[{"start":{"line":10,"column":4},"end":{"line":19,"column":5}},{"start":{},"end":{}}],"line":10}},"s":{"0":0,"1":0,"2":0,"3":0,"4":0,"5":0},"f":{"0":0,"1":0},"b":{"0":[0,0]},"inputSourceMap":null}
,"/Users/marvinmolloramirez/7mo Semestre/Arquitectura software/proyecto 1/BackEnd-Proyecto-Arqui/src/services/auditoria.service.js": {"path":"/Users/marvinmolloramirez/7mo Semestre/Arquitectura software/proyecto 1/BackEnd-Proyecto-Arqui/src/services/auditoria.service.js","statementMap":{"0":{"start":{"line":15,"column":34},"end":{"line":31,"column":1}},"1":{"start":{"line":16,"column":18},"end":{"line":20,"column":3}},"2":{"start":{"line":21,"column":19},"end":{"line":21,"column":77}},"3":{"start":{"line":23,"column":4},"end":{"line":30,"column":5}},"4":{"start":{"line":24,"column":25},"end":{"line":24,"column":56}},"5":{"start":{"line":25,"column":8},"end":{"line":25,"column":23}},"6":{"start":{"line":27,"column":8},"end":{"line":27,"column":60}},"7":{"start":{"line":29,"column":8},"end":{"line":29,"column":79}},"8":{"start":{"line":36,"column":40},"end":{"line":43,"column":1}},"9":{"start":{"line":37,"column":4},"end":{"line":42,"column":5}},"10":{"start":{"line":38,"column":8},"end":{"line":38,"column":49}},"11":{"start":{"line":40,"column":8},"end":{"line":40,"column":82}},"12":{"start":{"line":41,"column":8},"end":{"line":41,"column":20}},"13":{"start":{"line":53,"column":27},"end":{"line":92,"column":1}},"14":{"start":{"line":54,"column":23},"end":{"line":54,"column":25}},"15":{"start":{"line":55,"column":20},"end":{"line":55,"column":22}},"16":{"start":{"line":56,"column":18},"end":{"line":56,"column":20}},"17":{"start":{"line":58,"column":21},"end":{"line":62,"column":3}},"18":{"start":{"line":64,"column":15},"end":{"line":64,"column":85}},"19":{"start":{"line":66,"column":2},"end":{"line":85,"column":3}},"20":{"start":{"line":67,"column":4},"end":{"line":67,"column":43}},"21":{"start":{"line":67,"column":34},"end":{"line":67,"column":43}},"22":{"start":{"line":69,"column":19},"end":{"line":69,"column":55}},"23":{"start":{"line":70,"column":19},"end":{"line":70,"column":49}},"24":{"start":{"line":73,"column":20},"end":{"line":73,"column":90}},"25":{"start":{"line":74,"column":20},"end":{"line":74,"column":90}},"26":{"start":{"line":76,"column":4},"end":{"line":84,"column":5}},"27":{"start":{"line":77,"column":6},"end":{"line":77,"column":33}},"28":{"start":{"line":78,"column":6},"end":{"line":78,"column":30}},"29":{"start":{"line":79,"column":6},"end":{"line":83,"column":9}},"30":{"start":{"line":87,"column":2},"end":{"line":91,"column":4}}},"fnMap":{"0":{"name":"(anonymous_0)","decl":{"start":{"line":15,"column":34},"end":{"line":15,"column":35}},"loc":{"start":{"line":15,"column":118},"end":{"line":31,"column":1}},"line":15},"1":{"name":"(anonymous_1)","decl":{"start":{"line":36,"column":40},"end":{"line":36,"column":41}},"loc":{"start":{"line":36,"column":59},"end":{"line":43,"column":1}},"line":36},"2":{"name":"(anonymous_2)","decl":{"start":{"line":53,"column":27},"end":{"line":53,"column":28}},"loc":{"start":{"line":53,"column":58},"end":{"line":92,"column":1}},"line":53}},"branchMap":{"0":{"loc":{"start":{"line":15,"column":79},"end":{"line":15,"column":97}},"type":"default-arg","locations":[{"start":{"line":15,"column":93},"end":{"line":15,"column":97}}],"line":15},"1":{"loc":{"start":{"line":15,"column":99},"end":{"line":15,"column":111}},"type":"default-arg","locations":[{"start":{"line":15,"column":109},"end":{"line":15,"column":111}}],"line":15},"2":{"loc":{"start":{"line":53,"column":28},"end":{"line":53,"column":41}},"type":"default-arg","locations":[{"start":{"line":53,"column":39},"end":{"line":53,"column":41}}],"line":53},"3":{"loc":{"start":{"line":53,"column":43},"end":{"line":53,"column":53}},"type":"default-arg","locations":[{"start":{"line":53,"column":51},"end":{"line":53,"column":53}}],"line":53},"4":{"loc":{"start":{"line":64,"column":39},"end":{"line":64,"column":53}},"type":"binary-expr","locations":[{"start":{"line":64,"column":39},"end":{"line":64,"column":47}},{"start":{"line":64,"column":51},"end":{"line":64,"column":53}}],"line":64},"5":{"loc":{"start":{"line":64,"column":71},"end":{"line":64,"column":82}},"type":"binary-expr","locations":[{"start":{"line":64,"column":71},"end":{"line":64,"column":76}},{"start":{"line":64,"column":80},"end":{"line":64,"column":82}}],"line":64},"6":{"loc":{"start":{"line":67,"column":4},"end":{"line":67,"column":43}},"type":"if","locations":[{"start":{"line":67,"column":4},"end":{"line":67,"column":43}},{"start":{},"end":{}}],"line":67},"7":{"loc":{"start":{"line":69,"column":19},"end":{"line":69,"column":55}},"type":"cond-expr","locations":[{"start":{"line":69,"column":30},"end":{"line":69,"column":43}},{"start":{"line":69,"column":46},"end":{"line":69,"column":55}}],"line":69},"8":{"loc":{"start":{"line":70,"column":19},"end":{"line":70,"column":49}},"type":"cond-expr","locations":[{"start":{"line":70,"column":27},"end":{"line":70,"column":37}},{"start":{"line":70,"column":40},"end":{"line":70,"column":49}}],"line":70},"9":{"loc":{"start":{"line":73,"column":20},"end":{"line":73,"column":90}},"type":"cond-expr","locations":[{"start":{"line":73,"column":64},"end":{"line":73,"column":66}},{"start":{"line":73,"column":69},"end":{"line":73,"column":90}}],"line":73},"10":{"loc":{"start":{"line":73,"column":21},"end":{"line":73,"column":60}},"type":"binary-expr","locations":[{"start":{"line":73,"column":21},"end":{"line":73,"column":41}},{"start":{"line":73,"column":45},"end":{"line":73,"column":60}}],"line":73},"11":{"loc":{"start":{"line":74,"column":20},"end":{"line":74,"column":90}},"type":"cond-expr","locations":[{"start":{"line":74,"column":64},"end":{"line":74,"column":66}},{"start":{"line":74,"column":69},"end":{"line":74,"column":90}}],"line":74},"12":{"loc":{"start":{"line":74,"column":21},"end":{"line":74,"column":60}},"type":"binary-expr","locations":[{"start":{"line":74,"column":21},"end":{"line":74,"column":41}},{"start":{"line":74,"column":45},"end":{"line":74,"column":60}}],"line":74},"13":{"loc":{"start":{"line":76,"column":4},"end":{"line":84,"column":5}},"type":"if","locations":[{"start":{"line":76,"column":4},"end":{"line":84,"column":5}},{"start":{},"end":{}}],"line":76}},"s":{"0":0,"1":0,"2":0,"3":0,"4":0,"5":0,"6":0,"7":0,"8":0,"9":0,"10":0,"11":0,"12":0,"13":0,"14":0,"15":0,"16":0,"17":0,"18":0,"19":0,"20":0,"21":0,"22":0,"23":0,"24":0,"25":0,"26":0,"27":0,"28":0,"29":0,"30":0},"f":{"0":0,"1":0,"2":0},"b":{"0":[0],"1":[0],"2":[0],"3":[0],"4":[0,0],"5":[0,0],"6":[0,0],"7":[0,0],"8":[0,0],"9":[0,0],"10":[0,0],"11":[0,0],"12":[0,0],"13":[0,0]},"inputSourceMap":null}
,"/Users/marvinmolloramirez/7mo Semestre/Arquitectura software/proyecto 1/BackEnd-Proyecto-Arqui/src/services/autenticacion.servicio.js": {"path":"/Users/marvinmolloramirez/7mo Semestre/Arquitectura software/proyecto 1/BackEnd-Proyecto-Arqui/src/services/autenticacion.servicio.js","statementMap":{"0":{"start":{"line":39,"column":20},"end":{"line":39,"column":22}},"1":{"start":{"line":41,"column":19},"end":{"line":42,"column":58}},"2":{"start":{"line":42,"column":2},"end":{"line":42,"column":58}},"3":{"start":{"line":44,"column":23},"end":{"line":45,"column":56}},"4":{"start":{"line":45,"column":2},"end":{"line":45,"column":56}},"5":{"start":{"line":47,"column":20},"end":{"line":60,"column":3}},"6":{"start":{"line":48,"column":2},"end":{"line":60,"column":3}},"7":{"start":{"line":64,"column":29},"end":{"line":166,"column":1}},"8":{"start":{"line":65,"column":2},"end":{"line":65,"column":48}},"9":{"start":{"line":68,"column":2},"end":{"line":68,"column":47}},"10":{"start":{"line":68,"column":27},"end":{"line":68,"column":45}},"11":{"start":{"line":70,"column":18},"end":{"line":70,"column":59}},"12":{"start":{"line":71,"column":2},"end":{"line":71,"column":58}},"13":{"start":{"line":71,"column":16},"end":{"line":71,"column":58}},"14":{"start":{"line":73,"column":2},"end":{"line":75,"column":3}},"15":{"start":{"line":74,"column":4},"end":{"line":74,"column":78}},"16":{"start":{"line":78,"column":2},"end":{"line":82,"column":3}},"17":{"start":{"line":79,"column":4},"end":{"line":81,"column":6}},"18":{"start":{"line":85,"column":2},"end":{"line":89,"column":3}},"19":{"start":{"line":86,"column":4},"end":{"line":88,"column":6}},"20":{"start":{"line":91,"column":25},"end":{"line":91,"column":78}},"21":{"start":{"line":92,"column":2},"end":{"line":95,"column":3}},"22":{"start":{"line":93,"column":4},"end":{"line":93,"column":50}},"23":{"start":{"line":94,"column":4},"end":{"line":94,"column":46}},"24":{"start":{"line":97,"column":26},"end":{"line":99,"column":7}},"25":{"start":{"line":100,"column":2},"end":{"line":118,"column":3}},"26":{"start":{"line":102,"column":21},"end":{"line":102,"column":61}},"27":{"start":{"line":103,"column":18},"end":{"line":103,"column":84}},"28":{"start":{"line":104,"column":4},"end":{"line":104,"column":47}},"29":{"start":{"line":105,"column":4},"end":{"line":117,"column":6}},"30":{"start":{"line":120,"column":2},"end":{"line":120,"column":45}},"31":{"start":{"line":123,"column":2},"end":{"line":123,"column":42}},"32":{"start":{"line":124,"column":26},"end":{"line":124,"column":69}},"33":{"start":{"line":125,"column":2},"end":{"line":132,"column":3}},"34":{"start":{"line":126,"column":18},"end":{"line":126,"column":84}},"35":{"start":{"line":127,"column":4},"end":{"line":131,"column":23}},"36":{"start":{"line":134,"column":19},"end":{"line":134,"column":59}},"37":{"start":{"line":137,"column":2},"end":{"line":151,"column":3}},"38":{"start":{"line":138,"column":18},"end":{"line":138,"column":48}},"39":{"start":{"line":139,"column":4},"end":{"line":150,"column":6}},"40":{"start":{"line":153,"column":16},"end":{"line":153,"column":46}},"41":{"start":{"line":155,"column":2},"end":{"line":165,"column":4}},"42":{"start":{"line":170,"column":35},"end":{"line":219,"column":1}},"43":{"start":{"line":174,"column":6},"end":{"line":174,"column":11}},"44":{"start":{"line":176,"column":2},"end":{"line":176,"column":75}},"45":{"start":{"line":178,"column":27},"end":{"line":178,"column":62}},"46":{"start":{"line":179,"column":2},"end":{"line":179,"column":84}},"47":{"start":{"line":179,"column":24},"end":{"line":179,"column":84}},"48":{"start":{"line":181,"column":14},"end":{"line":181,"column":53}},"49":{"start":{"line":182,"column":2},"end":{"line":182,"column":79}},"50":{"start":{"line":182,"column":12},"end":{"line":182,"column":79}},"51":{"start":{"line":184,"column":29},"end":{"line":184,"column":69}},"52":{"start":{"line":186,"column":17},"end":{"line":186,"column":33}},"53":{"start":{"line":187,"column":28},"end":{"line":187,"column":66}},"54":{"start":{"line":188,"column":21},"end":{"line":188,"column":39}},"55":{"start":{"line":189,"column":17},"end":{"line":189,"column":54}},"56":{"start":{"line":190,"column":22},"end":{"line":190,"column":64}},"57":{"start":{"line":192,"column":23},"end":{"line":203,"column":4}},"58":{"start":{"line":205,"column":19},"end":{"line":205,"column":70}},"59":{"start":{"line":206,"column":26},"end":{"line":206,"column":117}},"60":{"start":{"line":208,"column":2},"end":{"line":212,"column":5}},"61":{"start":{"line":214,"column":2},"end":{"line":218,"column":4}},"62":{"start":{"line":223,"column":36},"end":{"line":237,"column":1}},"63":{"start":{"line":224,"column":2},"end":{"line":224,"column":75}},"64":{"start":{"line":224,"column":25},"end":{"line":224,"column":75}},"65":{"start":{"line":225,"column":21},"end":{"line":225,"column":54}},"66":{"start":{"line":226,"column":18},"end":{"line":226,"column":61}},"67":{"start":{"line":227,"column":2},"end":{"line":229,"column":3}},"68":{"start":{"line":228,"column":4},"end":{"line":228,"column":85}},"69":{"start":{"line":232,"column":20},"end":{"line":232,"column":55}},"70":{"start":{"line":233,"column":2},"end":{"line":235,"column":3}},"71":{"start":{"line":234,"column":4},"end":{"line":234,"column":102}},"72":{"start":{"line":236,"column":2},"end":{"line":236,"column":48}},"73":{"start":{"line":241,"column":35},"end":{"line":246,"column":1}},"74":{"start":{"line":242,"column":2},"end":{"line":242,"column":55}},"75":{"start":{"line":242,"column":14},"end":{"line":242,"column":55}},"76":{"start":{"line":243,"column":18},"end":{"line":243,"column":52}},"77":{"start":{"line":244,"column":2},"end":{"line":244,"column":87}},"78":{"start":{"line":244,"column":16},"end":{"line":244,"column":87}},"79":{"start":{"line":245,"column":2},"end":{"line":245,"column":83}},"80":{"start":{"line":248,"column":42},"end":{"line":277,"column":1}},"81":{"start":{"line":249,"column":22},"end":{"line":249,"column":80}},"82":{"start":{"line":250,"column":2},"end":{"line":250,"column":47}},"83":{"start":{"line":250,"column":27},"end":{"line":250,"column":45}},"84":{"start":{"line":252,"column":18},"end":{"line":252,"column":53}},"85":{"start":{"line":253,"column":2},"end":{"line":253,"column":48}},"86":{"start":{"line":253,"column":16},"end":{"line":253,"column":48}},"87":{"start":{"line":255,"column":2},"end":{"line":257,"column":3}},"88":{"start":{"line":256,"column":4},"end":{"line":256,"column":53}},"89":{"start":{"line":259,"column":17},"end":{"line":259,"column":33}},"90":{"start":{"line":260,"column":28},"end":{"line":260,"column":66}},"91":{"start":{"line":261,"column":21},"end":{"line":261,"column":39}},"92":{"start":{"line":262,"column":17},"end":{"line":262,"column":54}},"93":{"start":{"line":263,"column":22},"end":{"line":263,"column":64}},"94":{"start":{"line":265,"column":2},"end":{"line":265,"column":98}},"95":{"start":{"line":267,"column":19},"end":{"line":267,"column":70}},"96":{"start":{"line":268,"column":26},"end":{"line":268,"column":117}},"97":{"start":{"line":270,"column":2},"end":{"line":274,"column":21}},"98":{"start":{"line":276,"column":2},"end":{"line":276,"column":34}},"99":{"start":{"line":281,"column":31},"end":{"line":323,"column":1}},"100":{"start":{"line":282,"column":2},"end":{"line":285,"column":5}},"101":{"start":{"line":287,"column":18},"end":{"line":287,"column":60}},"102":{"start":{"line":288,"column":2},"end":{"line":288,"column":57}},"103":{"start":{"line":288,"column":16},"end":{"line":288,"column":57}},"104":{"start":{"line":290,"column":25},"end":{"line":290,"column":84}},"105":{"start":{"line":291,"column":2},"end":{"line":291,"column":77}},"106":{"start":{"line":291,"column":23},"end":{"line":291,"column":77}},"107":{"start":{"line":293,"column":20},"end":{"line":293,"column":65}},"108":{"start":{"line":294,"column":2},"end":{"line":298,"column":3}},"109":{"start":{"line":295,"column":4},"end":{"line":297,"column":5}},"110":{"start":{"line":296,"column":6},"end":{"line":296,"column":78}},"111":{"start":{"line":300,"column":20},"end":{"line":300,"column":65}},"112":{"start":{"line":301,"column":29},"end":{"line":301,"column":82}},"113":{"start":{"line":302,"column":2},"end":{"line":302,"column":82}},"114":{"start":{"line":302,"column":27},"end":{"line":302,"column":82}},"115":{"start":{"line":304,"column":2},"end":{"line":304,"column":56}},"116":{"start":{"line":307,"column":19},"end":{"line":307,"column":70}},"117":{"start":{"line":308,"column":16},"end":{"line":311,"column":3}},"118":{"start":{"line":313,"column":2},"end":{"line":322,"column":4}},"119":{"start":{"line":327,"column":38},"end":{"line":349,"column":1}},"120":{"start":{"line":329,"column":4},"end":{"line":329,"column":72}},"121":{"start":{"line":331,"column":2},"end":{"line":331,"column":47}},"122":{"start":{"line":331,"column":27},"end":{"line":331,"column":45}},"123":{"start":{"line":333,"column":18},"end":{"line":333,"column":53}},"124":{"start":{"line":334,"column":2},"end":{"line":334,"column":48}},"125":{"start":{"line":334,"column":16},"end":{"line":334,"column":48}},"126":{"start":{"line":336,"column":17},"end":{"line":336,"column":33}},"127":{"start":{"line":337,"column":21},"end":{"line":337,"column":39}},"128":{"start":{"line":338,"column":17},"end":{"line":338,"column":54}},"129":{"start":{"line":340,"column":2},"end":{"line":340,"column":58}},"130":{"start":{"line":342,"column":2},"end":{"line":346,"column":21}},"131":{"start":{"line":348,"column":2},"end":{"line":348,"column":34}},"132":{"start":{"line":351,"column":36},"end":{"line":367,"column":1}},"133":{"start":{"line":352,"column":2},"end":{"line":352,"column":75}},"134":{"start":{"line":352,"column":25},"end":{"line":352,"column":75}},"135":{"start":{"line":354,"column":21},"end":{"line":354,"column":54}},"136":{"start":{"line":355,"column":18},"end":{"line":355,"column":63}},"137":{"start":{"line":356,"column":2},"end":{"line":357,"column":50}},"138":{"start":{"line":357,"column":4},"end":{"line":357,"column":50}},"139":{"start":{"line":360,"column":21},"end":{"line":360,"column":59}},"140":{"start":{"line":361,"column":20},"end":{"line":361,"column":80}},"141":{"start":{"line":362,"column":17},"end":{"line":362,"column":54}},"142":{"start":{"line":364,"column":2},"end":{"line":364,"column":57}},"143":{"start":{"line":366,"column":2},"end":{"line":366,"column":31}},"144":{"start":{"line":369,"column":29},"end":{"line":389,"column":1}},"145":{"start":{"line":370,"column":20},"end":{"line":370,"column":80}},"146":{"start":{"line":371,"column":18},"end":{"line":371,"column":62}},"147":{"start":{"line":372,"column":2},"end":{"line":372,"column":61}},"148":{"start":{"line":372,"column":16},"end":{"line":372,"column":61}},"149":{"start":{"line":374,"column":2},"end":{"line":374,"column":39}},"150":{"start":{"line":376,"column":20},"end":{"line":376,"column":66}},"151":{"start":{"line":377,"column":2},"end":{"line":381,"column":3}},"152":{"start":{"line":378,"column":4},"end":{"line":380,"column":5}},"153":{"start":{"line":379,"column":6},"end":{"line":379,"column":78}},"154":{"start":{"line":383,"column":20},"end":{"line":383,"column":65}},"155":{"start":{"line":384,"column":2},"end":{"line":384,"column":57}},"156":{"start":{"line":385,"column":2},"end":{"line":385,"column":57}},"157":{"start":{"line":386,"column":2},"end":{"line":386,"column":38}},"158":{"start":{"line":388,"column":2},"end":{"line":388,"column":89}}},"fnMap":{"0":{"name":"(anonymous_0)","decl":{"start":{"line":41,"column":19},"end":{"line":41,"column":20}},"loc":{"start":{"line":42,"column":2},"end":{"line":42,"column":58}},"line":42},"1":{"name":"(anonymous_1)","decl":{"start":{"line":44,"column":23},"end":{"line":44,"column":24}},"loc":{"start":{"line":45,"column":2},"end":{"line":45,"column":56}},"line":45},"2":{"name":"(anonymous_2)","decl":{"start":{"line":47,"column":20},"end":{"line":47,"column":21}},"loc":{"start":{"line":48,"column":2},"end":{"line":60,"column":3}},"line":48},"3":{"name":"(anonymous_3)","decl":{"start":{"line":64,"column":29},"end":{"line":64,"column":30}},"loc":{"start":{"line":64,"column":56},"end":{"line":166,"column":1}},"line":64},"4":{"name":"(anonymous_4)","decl":{"start":{"line":68,"column":20},"end":{"line":68,"column":21}},"loc":{"start":{"line":68,"column":27},"end":{"line":68,"column":45}},"line":68},"5":{"name":"(anonymous_5)","decl":{"start":{"line":131,"column":13},"end":{"line":131,"column":14}},"loc":{"start":{"line":131,"column":19},"end":{"line":131,"column":21}},"line":131},"6":{"name":"(anonymous_6)","decl":{"start":{"line":170,"column":35},"end":{"line":170,"column":36}},"loc":{"start":{"line":170,"column":52},"end":{"line":219,"column":1}},"line":170},"7":{"name":"(anonymous_7)","decl":{"start":{"line":223,"column":36},"end":{"line":223,"column":37}},"loc":{"start":{"line":223,"column":61},"end":{"line":237,"column":1}},"line":223},"8":{"name":"(anonymous_8)","decl":{"start":{"line":241,"column":35},"end":{"line":241,"column":36}},"loc":{"start":{"line":241,"column":52},"end":{"line":246,"column":1}},"line":241},"9":{"name":"(anonymous_9)","decl":{"start":{"line":248,"column":42},"end":{"line":248,"column":43}},"loc":{"start":{"line":248,"column":59},"end":{"line":277,"column":1}},"line":248},"10":{"name":"(anonymous_10)","decl":{"start":{"line":250,"column":20},"end":{"line":250,"column":21}},"loc":{"start":{"line":250,"column":27},"end":{"line":250,"column":45}},"line":250},"11":{"name":"(anonymous_11)","decl":{"start":{"line":274,"column":11},"end":{"line":274,"column":12}},"loc":{"start":{"line":274,"column":17},"end":{"line":274,"column":19}},"line":274},"12":{"name":"(anonymous_12)","decl":{"start":{"line":281,"column":31},"end":{"line":281,"column":32}},"loc":{"start":{"line":281,"column":83},"end":{"line":323,"column":1}},"line":281},"13":{"name":"(anonymous_13)","decl":{"start":{"line":327,"column":38},"end":{"line":327,"column":39}},"loc":{"start":{"line":327,"column":55},"end":{"line":349,"column":1}},"line":327},"14":{"name":"(anonymous_14)","decl":{"start":{"line":331,"column":20},"end":{"line":331,"column":21}},"loc":{"start":{"line":331,"column":27},"end":{"line":331,"column":45}},"line":331},"15":{"name":"(anonymous_15)","decl":{"start":{"line":346,"column":11},"end":{"line":346,"column":12}},"loc":{"start":{"line":346,"column":17},"end":{"line":346,"column":19}},"line":346},"16":{"name":"(anonymous_16)","decl":{"start":{"line":351,"column":36},"end":{"line":351,"column":37}},"loc":{"start":{"line":351,"column":61},"end":{"line":367,"column":1}},"line":351},"17":{"name":"(anonymous_17)","decl":{"start":{"line":369,"column":29},"end":{"line":369,"column":30}},"loc":{"start":{"line":369,"column":66},"end":{"line":389,"column":1}},"line":369}},"branchMap":{"0":{"loc":{"start":{"line":53,"column":11},"end":{"line":53,"column":44}},"type":"binary-expr","locations":[{"start":{"line":53,"column":11},"end":{"line":53,"column":29}},{"start":{"line":53,"column":33},"end":{"line":53,"column":44}}],"line":53},"1":{"loc":{"start":{"line":71,"column":2},"end":{"line":71,"column":58}},"type":"if","locations":[{"start":{"line":71,"column":2},"end":{"line":71,"column":58}},{"start":{},"end":{}}],"line":71},"2":{"loc":{"start":{"line":73,"column":2},"end":{"line":75,"column":3}},"type":"if","locations":[{"start":{"line":73,"column":2},"end":{"line":75,"column":3}},{"start":{},"end":{}}],"line":73},"3":{"loc":{"start":{"line":78,"column":2},"end":{"line":82,"column":3}},"type":"if","locations":[{"start":{"line":78,"column":2},"end":{"line":82,"column":3}},{"start":{},"end":{}}],"line":78},"4":{"loc":{"start":{"line":78,"column":6},"end":{"line":78,"column":79}},"type":"binary-expr","locations":[{"start":{"line":78,"column":6},"end":{"line":78,"column":29}},{"start":{"line":78,"column":33},"end":{"line":78,"column":79}}],"line":78},"5":{"loc":{"start":{"line":85,"column":2},"end":{"line":89,"column":3}},"type":"if","locations":[{"start":{"line":85,"column":2},"end":{"line":89,"column":3}},{"start":{},"end":{}}],"line":85},"6":{"loc":{"start":{"line":92,"column":2},"end":{"line":95,"column":3}},"type":"if","locations":[{"start":{"line":92,"column":2},"end":{"line":95,"column":3}},{"start":{},"end":{}}],"line":92},"7":{"loc":{"start":{"line":97,"column":26},"end":{"line":99,"column":7}},"type":"cond-expr","locations":[{"start":{"line":98,"column":6},"end":{"line":98,"column":70}},{"start":{"line":99,"column":6},"end":{"line":99,"column":7}}],"line":97},"8":{"loc":{"start":{"line":100,"column":2},"end":{"line":118,"column":3}},"type":"if","locations":[{"start":{"line":100,"column":2},"end":{"line":118,"column":3}},{"start":{},"end":{}}],"line":100},"9":{"loc":{"start":{"line":100,"column":6},"end":{"line":100,"column":58}},"type":"binary-expr","locations":[{"start":{"line":100,"column":6},"end":{"line":100,"column":34}},{"start":{"line":100,"column":38},"end":{"line":100,"column":58}}],"line":100},"10":{"loc":{"start":{"line":125,"column":2},"end":{"line":132,"column":3}},"type":"if","locations":[{"start":{"line":125,"column":2},"end":{"line":132,"column":3}},{"start":{},"end":{}}],"line":125},"11":{"loc":{"start":{"line":137,"column":2},"end":{"line":151,"column":3}},"type":"if","locations":[{"start":{"line":137,"column":2},"end":{"line":151,"column":3}},{"start":{},"end":{}}],"line":137},"12":{"loc":{"start":{"line":179,"column":2},"end":{"line":179,"column":84}},"type":"if","locations":[{"start":{"line":179,"column":2},"end":{"line":179,"column":84}},{"start":{},"end":{}}],"line":179},"13":{"loc":{"start":{"line":182,"column":2},"end":{"line":182,"column":79}},"type":"if","locations":[{"start":{"line":182,"column":2},"end":{"line":182,"column":79}},{"start":{},"end":{}}],"line":182},"14":{"loc":{"start":{"line":195,"column":22},"end":{"line":195,"column":44}},"type":"binary-expr","locations":[{"start":{"line":195,"column":22},"end":{"line":195,"column":38}},{"start":{"line":195,"column":42},"end":{"line":195,"column":44}}],"line":195},"15":{"loc":{"start":{"line":205,"column":19},"end":{"line":205,"column":70}},"type":"binary-expr","locations":[{"start":{"line":205,"column":19},"end":{"line":205,"column":43}},{"start":{"line":205,"column":47},"end":{"line":205,"column":70}}],"line":205},"16":{"loc":{"start":{"line":224,"column":2},"end":{"line":224,"column":75}},"type":"if","locations":[{"start":{"line":224,"column":2},"end":{"line":224,"column":75}},{"start":{},"end":{}}],"line":224},"17":{"loc":{"start":{"line":224,"column":6},"end":{"line":224,"column":23}},"type":"binary-expr","locations":[{"start":{"line":224,"column":6},"end":{"line":224,"column":12}},{"start":{"line":224,"column":16},"end":{"line":224,"column":23}}],"line":224},"18":{"loc":{"start":{"line":227,"column":2},"end":{"line":229,"column":3}},"type":"if","locations":[{"start":{"line":227,"column":2},"end":{"line":229,"column":3}},{"start":{},"end":{}}],"line":227},"19":{"loc":{"start":{"line":233,"column":2},"end":{"line":235,"column":3}},"type":"if","locations":[{"start":{"line":233,"column":2},"end":{"line":235,"column":3}},{"start":{},"end":{}}],"line":233},"20":{"loc":{"start":{"line":242,"column":2},"end":{"line":242,"column":55}},"type":"if","locations":[{"start":{"line":242,"column":2},"end":{"line":242,"column":55}},{"start":{},"end":{}}],"line":242},"21":{"loc":{"start":{"line":244,"column":2},"end":{"line":244,"column":87}},"type":"if","locations":[{"start":{"line":244,"column":2},"end":{"line":244,"column":87}},{"start":{},"end":{}}],"line":244},"22":{"loc":{"start":{"line":253,"column":2},"end":{"line":253,"column":48}},"type":"if","locations":[{"start":{"line":253,"column":2},"end":{"line":253,"column":48}},{"start":{},"end":{}}],"line":253},"23":{"loc":{"start":{"line":255,"column":2},"end":{"line":257,"column":3}},"type":"if","locations":[{"start":{"line":255,"column":2},"end":{"line":257,"column":3}},{"start":{},"end":{}}],"line":255},"24":{"loc":{"start":{"line":267,"column":19},"end":{"line":267,"column":70}},"type":"binary-expr","locations":[{"start":{"line":267,"column":19},"end":{"line":267,"column":43}},{"start":{"line":267,"column":47},"end":{"line":267,"column":70}}],"line":267},"25":{"loc":{"start":{"line":288,"column":2},"end":{"line":288,"column":57}},"type":"if","locations":[{"start":{"line":288,"column":2},"end":{"line":288,"column":57}},{"start":{},"end":{}}],"line":288},"26":{"loc":{"start":{"line":291,"column":2},"end":{"line":291,"column":77}},"type":"if","locations":[{"start":{"line":291,"column":2},"end":{"line":291,"column":77}},{"start":{},"end":{}}],"line":291},"27":{"loc":{"start":{"line":295,"column":4},"end":{"line":297,"column":5}},"type":"if","locations":[{"start":{"line":295,"column":4},"end":{"line":297,"column":5}},{"start":{},"end":{}}],"line":295},"28":{"loc":{"start":{"line":302,"column":2},"end":{"line":302,"column":82}},"type":"if","locations":[{"start":{"line":302,"column":2},"end":{"line":302,"column":82}},{"start":{},"end":{}}],"line":302},"29":{"loc":{"start":{"line":334,"column":2},"end":{"line":334,"column":48}},"type":"if","locations":[{"start":{"line":334,"column":2},"end":{"line":334,"column":48}},{"start":{},"end":{}}],"line":334},"30":{"loc":{"start":{"line":352,"column":2},"end":{"line":352,"column":75}},"type":"if","locations":[{"start":{"line":352,"column":2},"end":{"line":352,"column":75}},{"start":{},"end":{}}],"line":352},"31":{"loc":{"start":{"line":352,"column":6},"end":{"line":352,"column":23}},"type":"binary-expr","locations":[{"start":{"line":352,"column":6},"end":{"line":352,"column":12}},{"start":{"line":352,"column":16},"end":{"line":352,"column":23}}],"line":352},"32":{"loc":{"start":{"line":356,"column":2},"end":{"line":357,"column":50}},"type":"if","locations":[{"start":{"line":356,"column":2},"end":{"line":357,"column":50}},{"start":{},"end":{}}],"line":356},"33":{"loc":{"start":{"line":356,"column":6},"end":{"line":356,"column":41}},"type":"binary-expr","locations":[{"start":{"line":356,"column":6},"end":{"line":356,"column":14}},{"start":{"line":356,"column":18},"end":{"line":356,"column":41}}],"line":356},"34":{"loc":{"start":{"line":372,"column":2},"end":{"line":372,"column":61}},"type":"if","locations":[{"start":{"line":372,"column":2},"end":{"line":372,"column":61}},{"start":{},"end":{}}],"line":372},"35":{"loc":{"start":{"line":378,"column":4},"end":{"line":380,"column":5}},"type":"if","locations":[{"start":{"line":378,"column":4},"end":{"line":380,"column":5}},{"start":{},"end":{}}],"line":378}},"s":{"0":1,"1":1,"2":2,"3":1,"4":1,"5":1,"6":1,"7":1,"8":6,"9":6,"10":6,"11":6,"12":6,"13":1,"14":5,"15":1,"16":4,"17":1,"18":3,"19":1,"20":2,"21":2,"22":1,"23":1,"24":1,"25":1,"26":0,"27":0,"28":0,"29":0,"30":1,"31":1,"32":1,"33":1,"34":0,"35":0,"36":1,"37":1,"38":0,"39":0,"40":1,"41":1,"42":1,"43":2,"44":2,"45":2,"46":2,"47":1,"48":1,"49":1,"50":0,"51":1,"52":1,"53":1,"54":1,"55":1,"56":1,"57":1,"58":1,"59":1,"60":1,"61":1,"62":1,"63":1,"64":0,"65":1,"66":1,"67":1,"68":0,"69":1,"70":1,"71":0,"72":1,"73":1,"74":0,"75":0,"76":0,"77":0,"78":0,"79":0,"80":1,"81":0,"82":0,"83":0,"84":0,"85":0,"86":0,"87":0,"88":0,"89":0,"90":0,"91":0,"92":0,"93":0,"94":0,"95":0,"96":0,"97":0,"98":0,"99":1,"100":0,"101":0,"102":0,"103":0,"104":0,"105":0,"106":0,"107":0,"108":0,"109":0,"110":0,"111":0,"112":0,"113":0,"114":0,"115":0,"116":0,"117":0,"118":0,"119":1,"120":1,"121":1,"122":1,"123":1,"124":1,"125":1,"126":0,"127":0,"128":0,"129":0,"130":0,"131":0,"132":1,"133":0,"134":0,"135":0,"136":0,"137":0,"138":0,"139":0,"140":0,"141":0,"142":0,"143":0,"144":1,"145":0,"146":0,"147":0,"148":0,"149":0,"150":0,"151":0,"152":0,"153":0,"154":0,"155":0,"156":0,"157":0,"158":0},"f":{"0":2,"1":1,"2":1,"3":6,"4":6,"5":0,"6":2,"7":1,"8":0,"9":0,"10":0,"11":0,"12":0,"13":1,"14":1,"15":0,"16":0,"17":0},"b":{"0":[1,0],"1":[1,5],"2":[1,4],"3":[1,3],"4":[4,1],"5":[1,2],"6":[1,1],"7":[1,0],"8":[0,1],"9":[1,1],"10":[0,1],"11":[0,1],"12":[1,1],"13":[0,1],"14":[1,1],"15":[1,1],"16":[0,1],"17":[1,1],"18":[0,1],"19":[0,1],"20":[0,0],"21":[0,0],"22":[0,0],"23":[0,0],"24":[0,0],"25":[0,0],"26":[0,0],"27":[0,0],"28":[0,0],"29":[1,0],"30":[0,0],"31":[0,0],"32":[0,0],"33":[0,0],"34":[0,0],"35":[0,0]},"inputSourceMap":null,"_coverageSchema":"1a1c01bbd47fc00a2c39e90264f33305004495a9","hash":"b98203b7302e31061708a13b4b36ab36d253d356"}
,"/Users/marvinmolloramirez/7mo Semestre/Arquitectura software/proyecto 1/BackEnd-Proyecto-Arqui/src/services/backup.service.js": {"path":"/Users/marvinmolloramirez/7mo Semestre/Arquitectura software/proyecto 1/BackEnd-Proyecto-Arqui/src/services/backup.service.js","statementMap":{"0":{"start":{"line":11,"column":36},"end":{"line":99,"column":1}},"1":{"start":{"line":12,"column":21},"end":{"line":12,"column":44}},"2":{"start":{"line":13,"column":2},"end":{"line":15,"column":3}},"3":{"start":{"line":14,"column":4},"end":{"line":14,"column":50}},"4":{"start":{"line":17,"column":19},"end":{"line":17,"column":75}},"5":{"start":{"line":18,"column":21},"end":{"line":18,"column":68}},"6":{"start":{"line":21,"column":2},"end":{"line":98,"column":3}},"7":{"start":{"line":22,"column":4},"end":{"line":22,"column":34}},"8":{"start":{"line":25,"column":22},"end":{"line":32,"column":6}},"9":{"start":{"line":34,"column":19},"end":{"line":34,"column":56}},"10":{"start":{"line":34,"column":43},"end":{"line":34,"column":55}},"11":{"start":{"line":35,"column":21},"end":{"line":35,"column":78}},"12":{"start":{"line":36,"column":4},"end":{"line":36,"column":64}},"13":{"start":{"line":37,"column":4},"end":{"line":37,"column":70}},"14":{"start":{"line":38,"column":4},"end":{"line":38,"column":78}},"15":{"start":{"line":39,"column":4},"end":{"line":39,"column":49}},"16":{"start":{"line":40,"column":4},"end":{"line":40,"column":54}},"17":{"start":{"line":42,"column":4},"end":{"line":88,"column":5}},"18":{"start":{"line":43,"column":6},"end":{"line":43,"column":78}},"19":{"start":{"line":44,"column":6},"end":{"line":44,"column":64}},"20":{"start":{"line":45,"column":6},"end":{"line":45,"column":78}},"21":{"start":{"line":48,"column":22},"end":{"line":53,"column":17}},"22":{"start":{"line":55,"column":27},"end":{"line":55,"column":39}},"23":{"start":{"line":56,"column":28},"end":{"line":56,"column":64}},"24":{"start":{"line":56,"column":50},"end":{"line":56,"column":63}},"25":{"start":{"line":59,"column":23},"end":{"line":59,"column":74}},"26":{"start":{"line":61,"column":6},"end":{"line":87,"column":7}},"27":{"start":{"line":62,"column":8},"end":{"line":62,"column":68}},"28":{"start":{"line":64,"column":8},"end":{"line":83,"column":9}},"29":{"start":{"line":65,"column":37},"end":{"line":80,"column":12}},"30":{"start":{"line":66,"column":24},"end":{"line":66,"column":43}},"31":{"start":{"line":67,"column":12},"end":{"line":67,"column":65}},"32":{"start":{"line":67,"column":51},"end":{"line":67,"column":65}},"33":{"start":{"line":69,"column":12},"end":{"line":69,"column":72}},"34":{"start":{"line":69,"column":42},"end":{"line":69,"column":72}},"35":{"start":{"line":70,"column":12},"end":{"line":70,"column":60}},"36":{"start":{"line":70,"column":41},"end":{"line":70,"column":60}},"37":{"start":{"line":71,"column":12},"end":{"line":76,"column":13}},"38":{"start":{"line":72,"column":14},"end":{"line":74,"column":15}},"39":{"start":{"line":73,"column":16},"end":{"line":73,"column":48}},"40":{"start":{"line":75,"column":14},"end":{"line":75,"column":75}},"41":{"start":{"line":79,"column":12},"end":{"line":79,"column":58}},"42":{"start":{"line":82,"column":10},"end":{"line":82,"column":129}},"43":{"start":{"line":84,"column":8},"end":{"line":84,"column":27}},"44":{"start":{"line":86,"column":8},"end":{"line":86,"column":47}},"45":{"start":{"line":90,"column":4},"end":{"line":90,"column":53}},"46":{"start":{"line":91,"column":4},"end":{"line":91,"column":72}},"47":{"start":{"line":92,"column":4},"end":{"line":92,"column":45}},"48":{"start":{"line":94,"column":4},"end":{"line":94,"column":88}},"49":{"start":{"line":95,"column":4},"end":{"line":95,"column":16}},"50":{"start":{"line":97,"column":4},"end":{"line":97,"column":33}},"51":{"start":{"line":97,"column":16},"end":{"line":97,"column":33}}},"fnMap":{"0":{"name":"(anonymous_0)","decl":{"start":{"line":11,"column":36},"end":{"line":11,"column":37}},"loc":{"start":{"line":11,"column":48},"end":{"line":99,"column":1}},"line":11},"1":{"name":"(anonymous_1)","decl":{"start":{"line":34,"column":38},"end":{"line":34,"column":39}},"loc":{"start":{"line":34,"column":43},"end":{"line":34,"column":55}},"line":34},"2":{"name":"(anonymous_2)","decl":{"start":{"line":56,"column":45},"end":{"line":56,"column":46}},"loc":{"start":{"line":56,"column":50},"end":{"line":56,"column":63}},"line":56},"3":{"name":"(anonymous_3)","decl":{"start":{"line":65,"column":54},"end":{"line":65,"column":55}},"loc":{"start":{"line":65,"column":59},"end":{"line":80,"column":11}},"line":65}},"branchMap":{"0":{"loc":{"start":{"line":13,"column":2},"end":{"line":15,"column":3}},"type":"if","locations":[{"start":{"line":13,"column":2},"end":{"line":15,"column":3}},{"start":{},"end":{}}],"line":13},"1":{"loc":{"start":{"line":61,"column":6},"end":{"line":87,"column":7}},"type":"if","locations":[{"start":{"line":61,"column":6},"end":{"line":87,"column":7}},{"start":{"line":85,"column":13},"end":{"line":87,"column":7}}],"line":61},"2":{"loc":{"start":{"line":67,"column":12},"end":{"line":67,"column":65}},"type":"if","locations":[{"start":{"line":67,"column":12},"end":{"line":67,"column":65}},{"start":{},"end":{}}],"line":67},"3":{"loc":{"start":{"line":67,"column":16},"end":{"line":67,"column":49}},"type":"binary-expr","locations":[{"start":{"line":67,"column":16},"end":{"line":67,"column":28}},{"start":{"line":67,"column":32},"end":{"line":67,"column":49}}],"line":67},"4":{"loc":{"start":{"line":69,"column":12},"end":{"line":69,"column":72}},"type":"if","locations":[{"start":{"line":69,"column":12},"end":{"line":69,"column":72}},{"start":{},"end":{}}],"line":69},"5":{"loc":{"start":{"line":69,"column":49},"end":{"line":69,"column":71}},"type":"cond-expr","locations":[{"start":{"line":69,"column":55},"end":{"line":69,"column":61}},{"start":{"line":69,"column":64},"end":{"line":69,"column":71}}],"line":69},"6":{"loc":{"start":{"line":70,"column":12},"end":{"line":70,"column":60}},"type":"if","locations":[{"start":{"line":70,"column":12},"end":{"line":70,"column":60}},{"start":{},"end":{}}],"line":70},"7":{"loc":{"start":{"line":71,"column":12},"end":{"line":76,"column":13}},"type":"if","locations":[{"start":{"line":71,"column":12},"end":{"line":76,"column":13}},{"start":{},"end":{}}],"line":71},"8":{"loc":{"start":{"line":72,"column":14},"end":{"line":74,"column":15}},"type":"if","locations":[{"start":{"line":72,"column":14},"end":{"line":74,"column":15}},{"start":{},"end":{}}],"line":72},"9":{"loc":{"start":{"line":97,"column":4},"end":{"line":97,"column":33}},"type":"if","locations":[{"start":{"line":97,"column":4},"end":{"line":97,"column":33}},{"start":{},"end":{}}],"line":97}},"s":{"0":0,"1":0,"2":0,"3":0,"4":0,"5":0,"6":0,"7":0,"8":0,"9":0,"10":0,"11":0,"12":0,"13":0,"14":0,"15":0,"16":0,"17":0,"18":0,"19":0,"20":0,"21":0,"22":0,"23":0,"24":0,"25":0,"26":0,"27":0,"28":0,"29":0,"30":0,"31":0,"32":0,"33":0,"34":0,"35":0,"36":0,"37":0,"38":0,"39":0,"40":0,"41":0,"42":0,"43":0,"44":0,"45":0,"46":0,"47":0,"48":0,"49":0,"50":0,"51":0},"f":{"0":0,"1":0,"2":0,"3":0},"b":{"0":[0,0],"1":[0,0],"2":[0,0],"3":[0,0],"4":[0,0],"5":[0,0],"6":[0,0],"7":[0,0],"8":[0,0],"9":[0,0]},"inputSourceMap":null}
,"/Users/marvinmolloramirez/7mo Semestre/Arquitectura software/proyecto 1/BackEnd-Proyecto-Arqui/src/services/captcha.service.js": {"path":"/Users/marvinmolloramirez/7mo Semestre/Arquitectura software/proyecto 1/BackEnd-Proyecto-Arqui/src/services/captcha.service.js","statementMap":{"0":{"start":{"line":21,"column":29},"end":{"line":21,"column":78}},"1":{"start":{"line":23,"column":22},"end":{"line":26,"column":2}},"2":{"start":{"line":23,"column":29},"end":{"line":26,"column":1}},"3":{"start":{"line":35,"column":32},"end":{"line":80,"column":1}},"4":{"start":{"line":36,"column":37},"end":{"line":36,"column":52}},"5":{"start":{"line":39,"column":4},"end":{"line":47,"column":5}},"6":{"start":{"line":40,"column":8},"end":{"line":43,"column":9}},"7":{"start":{"line":41,"column":12},"end":{"line":41,"column":78}},"8":{"start":{"line":42,"column":12},"end":{"line":42,"column":71}},"9":{"start":{"line":45,"column":8},"end":{"line":45,"column":88}},"10":{"start":{"line":46,"column":8},"end":{"line":46,"column":54}},"11":{"start":{"line":49,"column":4},"end":{"line":51,"column":5}},"12":{"start":{"line":50,"column":8},"end":{"line":50,"column":66}},"13":{"start":{"line":53,"column":4},"end":{"line":79,"column":5}},"14":{"start":{"line":54,"column":23},"end":{"line":54,"column":71}},"15":{"start":{"line":55,"column":8},"end":{"line":55,"column":43}},"16":{"start":{"line":55,"column":16},"end":{"line":55,"column":43}},"17":{"start":{"line":57,"column":26},"end":{"line":61,"column":10}},"18":{"start":{"line":63,"column":21},"end":{"line":63,"column":43}},"19":{"start":{"line":65,"column":8},"end":{"line":71,"column":9}},"20":{"start":{"line":66,"column":12},"end":{"line":70,"column":14}},"21":{"start":{"line":73,"column":8},"end":{"line":73,"column":32}},"22":{"start":{"line":75,"column":8},"end":{"line":75,"column":67}},"23":{"start":{"line":77,"column":8},"end":{"line":77,"column":88}},"24":{"start":{"line":77,"column":26},"end":{"line":77,"column":88}},"25":{"start":{"line":78,"column":8},"end":{"line":78,"column":60}},"26":{"start":{"line":88,"column":29},"end":{"line":113,"column":1}},"27":{"start":{"line":88,"column":43},"end":{"line":113,"column":1}},"28":{"start":{"line":89,"column":18},"end":{"line":89,"column":41}},"29":{"start":{"line":90,"column":15},"end":{"line":90,"column":21}},"30":{"start":{"line":91,"column":22},"end":{"line":91,"column":55}},"31":{"start":{"line":93,"column":4},"end":{"line":109,"column":5}},"32":{"start":{"line":94,"column":8},"end":{"line":104,"column":28}},"33":{"start":{"line":106,"column":8},"end":{"line":108,"column":11}},"34":{"start":{"line":111,"column":4},"end":{"line":111,"column":31}},"35":{"start":{"line":112,"column":4},"end":{"line":112,"column":11}}},"fnMap":{"0":{"name":"(anonymous_0)","decl":{"start":{"line":23,"column":22},"end":{"line":23,"column":23}},"loc":{"start":{"line":23,"column":29},"end":{"line":26,"column":1}},"line":23},"1":{"name":"(anonymous_1)","decl":{"start":{"line":35,"column":32},"end":{"line":35,"column":33}},"loc":{"start":{"line":35,"column":60},"end":{"line":80,"column":1}},"line":35},"2":{"name":"(anonymous_2)","decl":{"start":{"line":88,"column":29},"end":{"line":88,"column":30}},"loc":{"start":{"line":88,"column":43},"end":{"line":113,"column":1}},"line":88},"3":{"name":"(anonymous_3)","decl":{"start":{"line":88,"column":43},"end":{"line":88,"column":44}},"loc":{"start":{"line":88,"column":69},"end":{"line":113,"column":1}},"line":88},"4":{"name":"(anonymous_4)","decl":{"start":{"line":104,"column":17},"end":{"line":104,"column":18}},"loc":{"start":{"line":104,"column":23},"end":{"line":104,"column":26}},"line":104}},"branchMap":{"0":{"loc":{"start":{"line":24,"column":12},"end":{"line":24,"column":50}},"type":"binary-expr","locations":[{"start":{"line":24,"column":12},"end":{"line":24,"column":44}},{"start":{"line":24,"column":48},"end":{"line":24,"column":50}}],"line":24},"1":{"loc":{"start":{"line":35,"column":46},"end":{"line":35,"column":55}},"type":"default-arg","locations":[{"start":{"line":35,"column":51},"end":{"line":35,"column":55}}],"line":35},"2":{"loc":{"start":{"line":39,"column":4},"end":{"line":47,"column":5}},"type":"if","locations":[{"start":{"line":39,"column":4},"end":{"line":47,"column":5}},{"start":{},"end":{}}],"line":39},"3":{"loc":{"start":{"line":40,"column":8},"end":{"line":43,"column":9}},"type":"if","locations":[{"start":{"line":40,"column":8},"end":{"line":43,"column":9}},{"start":{},"end":{}}],"line":40},"4":{"loc":{"start":{"line":49,"column":4},"end":{"line":51,"column":5}},"type":"if","locations":[{"start":{"line":49,"column":4},"end":{"line":51,"column":5}},{"start":{},"end":{}}],"line":49},"5":{"loc":{"start":{"line":49,"column":8},"end":{"line":49,"column":43}},"type":"binary-expr","locations":[{"start":{"line":49,"column":8},"end":{"line":49,"column":14}},{"start":{"line":49,"column":18},"end":{"line":49,"column":43}}],"line":49},"6":{"loc":{"start":{"line":55,"column":8},"end":{"line":55,"column":43}},"type":"if","locations":[{"start":{"line":55,"column":8},"end":{"line":55,"column":43}},{"start":{},"end":{}}],"line":55},"7":{"loc":{"start":{"line":65,"column":8},"end":{"line":71,"column":9}},"type":"if","locations":[{"start":{"line":65,"column":8},"end":{"line":71,"column":9}},{"start":{},"end":{}}],"line":65},"8":{"loc":{"start":{"line":77,"column":8},"end":{"line":77,"column":88}},"type":"if","locations":[{"start":{"line":77,"column":8},"end":{"line":77,"column":88}},{"start":{},"end":{}}],"line":77},"9":{"loc":{"start":{"line":93,"column":4},"end":{"line":109,"column":5}},"type":"if","locations":[{"start":{"line":93,"column":4},"end":{"line":109,"column":5}},{"start":{},"end":{}}],"line":93}},"s":{"0":0,"1":0,"2":0,"3":0,"4":0,"5":0,"6":0,"7":0,"8":0,"9":0,"10":0,"11":0,"12":0,"13":0,"14":0,"15":0,"16":0,"17":0,"18":0,"19":0,"20":0,"21":0,"22":0,"23":0,"24":0,"25":0,"26":0,"27":0,"28":0,"29":0,"30":0,"31":0,"32":0,"33":0,"34":0,"35":0},"f":{"0":0,"1":0,"2":0,"3":0,"4":0},"b":{"0":[0,0],"1":[0],"2":[0,0],"3":[0,0],"4":[0,0],"5":[0,0],"6":[0,0],"7":[0,0],"8":[0,0],"9":[0,0]},"inputSourceMap":null}
,"/Users/marvinmolloramirez/7mo Semestre/Arquitectura software/proyecto 1/BackEnd-Proyecto-Arqui/src/services/email.service.js": {"path":"/Users/marvinmolloramirez/7mo Semestre/Arquitectura software/proyecto 1/BackEnd-Proyecto-Arqui/src/services/email.service.js","statementMap":{"0":{"start":{"line":5,"column":18},"end":{"line":5,"column":55}},"1":{"start":{"line":8,"column":18},"end":{"line":13,"column":1}},"2":{"start":{"line":9,"column":14},"end":{"line":9,"column":42}},"3":{"start":{"line":10,"column":16},"end":{"line":10,"column":49}},"4":{"start":{"line":11,"column":2},"end":{"line":11,"column":91}},"5":{"start":{"line":11,"column":13},"end":{"line":11,"column":91}},"6":{"start":{"line":12,"column":2},"end":{"line":12,"column":56}},"7":{"start":{"line":16,"column":26},"end":{"line":22,"column":1}},"8":{"start":{"line":18,"column":2},"end":{"line":20,"column":26}},"9":{"start":{"line":18,"column":34},"end":{"line":18,"column":79}},"10":{"start":{"line":19,"column":7},"end":{"line":20,"column":26}},"11":{"start":{"line":19,"column":42},"end":{"line":19,"column":100}},"12":{"start":{"line":20,"column":7},"end":{"line":20,"column":26}},"13":{"start":{"line":21,"column":2},"end":{"line":21,"column":54}},"14":{"start":{"line":32,"column":27},"end":{"line":80,"column":1}},"15":{"start":{"line":33,"column":17},"end":{"line":33,"column":42}},"16":{"start":{"line":34,"column":2},"end":{"line":37,"column":3}},"17":{"start":{"line":35,"column":4},"end":{"line":35,"column":80}},"18":{"start":{"line":36,"column":4},"end":{"line":36,"column":57}},"19":{"start":{"line":39,"column":17},"end":{"line":39,"column":28}},"20":{"start":{"line":40,"column":2},"end":{"line":43,"column":3}},"21":{"start":{"line":41,"column":4},"end":{"line":41,"column":60}},"22":{"start":{"line":42,"column":4},"end":{"line":42,"column":54}},"23":{"start":{"line":45,"column":21},"end":{"line":45,"column":79}},"24":{"start":{"line":45,"column":65},"end":{"line":45,"column":77}},"25":{"start":{"line":47,"column":18},"end":{"line":52,"column":3}},"26":{"start":{"line":54,"column":2},"end":{"line":56,"column":3}},"27":{"start":{"line":55,"column":4},"end":{"line":55,"column":60}},"28":{"start":{"line":58,"column":2},"end":{"line":79,"column":3}},"29":{"start":{"line":59,"column":22},"end":{"line":67,"column":6}},"30":{"start":{"line":69,"column":4},"end":{"line":73,"column":5}},"31":{"start":{"line":70,"column":21},"end":{"line":70,"column":43}},"32":{"start":{"line":71,"column":6},"end":{"line":71,"column":75}},"33":{"start":{"line":72,"column":6},"end":{"line":72,"column":82}},"34":{"start":{"line":75,"column":4},"end":{"line":75,"column":34}},"35":{"start":{"line":77,"column":4},"end":{"line":77,"column":68}},"36":{"start":{"line":78,"column":4},"end":{"line":78,"column":16}},"37":{"start":{"line":84,"column":39},"end":{"line":105,"column":1}},"38":{"start":{"line":84,"column":80},"end":{"line":105,"column":1}},"39":{"start":{"line":107,"column":38},"end":{"line":125,"column":1}},"40":{"start":{"line":107,"column":78},"end":{"line":125,"column":1}},"41":{"start":{"line":127,"column":46},"end":{"line":145,"column":1}},"42":{"start":{"line":127,"column":86},"end":{"line":145,"column":1}},"43":{"start":{"line":147,"column":40},"end":{"line":158,"column":1}},"44":{"start":{"line":147,"column":70},"end":{"line":158,"column":1}},"45":{"start":{"line":160,"column":40},"end":{"line":173,"column":1}},"46":{"start":{"line":160,"column":64},"end":{"line":173,"column":1}},"47":{"start":{"line":175,"column":34},"end":{"line":190,"column":1}},"48":{"start":{"line":175,"column":52},"end":{"line":190,"column":1}}},"fnMap":{"0":{"name":"(anonymous_0)","decl":{"start":{"line":8,"column":18},"end":{"line":8,"column":19}},"loc":{"start":{"line":8,"column":24},"end":{"line":13,"column":1}},"line":8},"1":{"name":"(anonymous_1)","decl":{"start":{"line":16,"column":26},"end":{"line":16,"column":27}},"loc":{"start":{"line":16,"column":33},"end":{"line":22,"column":1}},"line":16},"2":{"name":"(anonymous_2)","decl":{"start":{"line":32,"column":27},"end":{"line":32,"column":28}},"loc":{"start":{"line":32,"column":73},"end":{"line":80,"column":1}},"line":32},"3":{"name":"(anonymous_3)","decl":{"start":{"line":45,"column":57},"end":{"line":45,"column":58}},"loc":{"start":{"line":45,"column":65},"end":{"line":45,"column":77}},"line":45},"4":{"name":"(anonymous_4)","decl":{"start":{"line":84,"column":39},"end":{"line":84,"column":40}
[...]
e":209,"column":34},"end":{"line":209,"column":54}},{"start":{"line":209,"column":58},"end":{"line":209,"column":61}}],"line":209},"14":{"loc":{"start":{"line":210,"column":34},"end":{"line":210,"column":64}},"type":"binary-expr","locations":[{"start":{"line":210,"column":34},"end":{"line":210,"column":49}},{"start":{"line":210,"column":53},"end":{"line":210,"column":64}}],"line":210},"15":{"loc":{"start":{"line":211,"column":34},"end":{"line":211,"column":104}},"type":"cond-expr","locations":[{"start":{"line":211,"column":58},"end":{"line":211,"column":98}},{"start":{"line":211,"column":101},"end":{"line":211,"column":104}}],"line":211},"16":{"loc":{"start":{"line":265,"column":8},"end":{"line":270,"column":9}},"type":"if","locations":[{"start":{"line":265,"column":8},"end":{"line":270,"column":9}},{"start":{},"end":{}}],"line":265},"17":{"loc":{"start":{"line":278,"column":34},"end":{"line":278,"column":61}},"type":"binary-expr","locations":[{"start":{"line":278,"column":34},"end":{"line":278,"column":49}},{"start":{"line":278,"column":53},"end":{"line":278,"column":61}}],"line":278},"18":{"loc":{"start":{"line":279,"column":34},"end":{"line":279,"column":62}},"type":"binary-expr","locations":[{"start":{"line":279,"column":34},"end":{"line":279,"column":55}},{"start":{"line":279,"column":59},"end":{"line":279,"column":62}}],"line":279}},"s":{"0":0,"1":0,"2":0,"3":0,"4":0,"5":0,"6":0,"7":0,"8":0,"9":0,"10":0,"11":0,"12":0,"13":0,"14":0,"15":0,"16":0,"17":0,"18":0,"19":0,"20":0,"21":0,"22":0,"23":0,"24":0,"25":0,"26":0,"27":0,"28":0,"29":0,"30":0,"31":0,"32":0,"33":0,"34":0,"35":0,"36":0,"37":0,"38":0,"39":0,"40":0,"41":0,"42":0,"43":0,"44":0,"45":0,"46":0,"47":0,"48":0,"49":0,"50":0,"51":0,"52":0,"53":0,"54":0,"55":0,"56":0,"57":0,"58":0,"59":0,"60":0,"61":0,"62":0,"63":0,"64":0,"65":0,"66":0,"67":0,"68":0,"69":0,"70":0,"71":0,"72":0,"73":0,"74":0,"75":0,"76":0,"77":0,"78":0,"79":0,"80":0,"81":0,"82":0,"83":0,"84":0,"85":0,"86":0,"87":0,"88":0,"89":0,"90":0,"91":0,"92":0,"93":0,"94":0,"95":0,"96":0,"97":0,"98":0,"99":0,"100":0,"101":0,"102":0,"103":0,"104":0,"105":0,"106":0,"107":0,"108":0,"109":0},"f":{"0":0,"1":0,"2":0,"3":0,"4":0,"5":0,"6":0,"7":0,"8":0,"9":0,"10":0,"11":0,"12":0,"13":0,"14":0,"15":0,"16":0,"17":0,"18":0,"19":0,"20":0,"21":0},"b":{"0":[0,0],"1":[0,0],"2":[0],"3":[0],"4":[0],"5":[0,0],"6":[0,0],"7":[0,0],"8":[0,0],"9":[0,0],"10":[0],"11":[0,0],"12":[0,0],"13":[0,0],"14":[0,0],"15":[0,0],"16":[0,0],"17":[0,0],"18":[0,0]},"inputSourceMap":null}
,"/Users/marvinmolloramirez/7mo Semestre/Arquitectura software/proyecto 1/BackEnd-Proyecto-Arqui/src/services/riesgos/deteccion.service.js": {"path":"/Users/marvinmolloramirez/7mo Semestre/Arquitectura software/proyecto 1/BackEnd-Proyecto-Arqui/src/services/riesgos/deteccion.service.js","statementMap":{"0":{"start":{"line":30,"column":30},"end":{"line":30,"column":32}},"1":{"start":{"line":35,"column":28},"end":{"line":59,"column":1}},"2":{"start":{"line":39,"column":16},"end":{"line":39,"column":54}},"3":{"start":{"line":40,"column":4},"end":{"line":40,"column":26}},"4":{"start":{"line":40,"column":14},"end":{"line":40,"column":26}},"5":{"start":{"line":42,"column":21},"end":{"line":48,"column":6}},"6":{"start":{"line":49,"column":4},"end":{"line":49,"column":30}},"7":{"start":{"line":49,"column":18},"end":{"line":49,"column":30}},"8":{"start":{"line":51,"column":4},"end":{"line":58,"column":7}},"9":{"start":{"line":66,"column":22},"end":{"line":93,"column":1}},"10":{"start":{"line":67,"column":21},"end":{"line":75,"column":6}},"11":{"start":{"line":77,"column":20},"end":{"line":77,"column":22}},"12":{"start":{"line":78,"column":4},"end":{"line":91,"column":5}},"13":{"start":{"line":79,"column":20},"end":{"line":89,"column":10}},"14":{"start":{"line":90,"column":8},"end":{"line":90,"column":35}},"15":{"start":{"line":90,"column":17},"end":{"line":90,"column":35}},"16":{"start":{"line":92,"column":4},"end":{"line":92,"column":19}},"17":{"start":{"line":104,"column":22},"end":{"line":128,"column":1}},"18":{"start":{"line":105,"column":21},"end":{"line":113,"column":6}},"19":{"start":{"line":115,"column":20},"end":{"line":115,"column":22}},"20":{"start":{"line":116,"column":4},"end":{"line":126,"column":5}},"21":{"start":{"line":117,"column":20},"end":{"line":124,"column":10}},"22":{"start":{"line":125,"column":8},"end":{"line":125,"column":35}},"23":{"start":{"line":125,"column":17},"end":{"line":125,"column":35}},"24":{"start":{"line":127,"column":4},"end":{"line":127,"column":19}},"25":{"start":{"line":133,"column":22},"end":{"line":159,"column":1}},"26":{"start":{"line":134,"column":21},"end":{"line":140,"column":6}},"27":{"start":{"line":142,"column":20},"end":{"line":142,"column":22}},"28":{"start":{"line":143,"column":4},"end":{"line":157,"column":5}},"29":{"start":{"line":144,"column":20},"end":{"line":155,"column":10}},"30":{"start":{"line":156,"column":8},"end":{"line":156,"column":35}},"31":{"start":{"line":156,"column":17},"end":{"line":156,"column":35}},"32":{"start":{"line":158,"column":4},"end":{"line":158,"column":19}},"33":{"start":{"line":164,"column":22},"end":{"line":189,"column":1}},"34":{"start":{"line":165,"column":21},"end":{"line":177,"column":6}},"35":{"start":{"line":179,"column":20},"end":{"line":179,"column":22}},"36":{"start":{"line":180,"column":4},"end":{"line":187,"column":5}},"37":{"start":{"line":181,"column":20},"end":{"line":185,"column":10}},"38":{"start":{"line":186,"column":8},"end":{"line":186,"column":35}},"39":{"start":{"line":186,"column":17},"end":{"line":186,"column":35}},"40":{"start":{"line":188,"column":4},"end":{"line":188,"column":19}},"41":{"start":{"line":194,"column":22},"end":{"line":216,"column":1}},"42":{"start":{"line":195,"column":21},"end":{"line":201,"column":6}},"43":{"start":{"line":203,"column":20},"end":{"line":203,"column":22}},"44":{"start":{"line":204,"column":4},"end":{"line":214,"column":5}},"45":{"start":{"line":205,"column":20},"end":{"line":212,"column":10}},"46":{"start":{"line":213,"column":8},"end":{"line":213,"column":35}},"47":{"start":{"line":213,"column":17},"end":{"line":213,"column":35}},"48":{"start":{"line":215,"column":4},"end":{"line":215,"column":19}},"49":{"start":{"line":221,"column":22},"end":{"line":249,"column":1}},"50":{"start":{"line":222,"column":21},"end":{"line":234,"column":6}},"51":{"start":{"line":236,"column":20},"end":{"line":236,"column":22}},"52":{"start":{"line":237,"column":4},"end":{"line":247,"column":5}},"53":{"start":{"line":238,"column":20},"end":{"line":245,"column":10}},"54":{"start":{"line":246,"column":8},"end":{"line":246,"column":35}},"55":{"start":{"line":246,"column":17},"end":{"line":246,"column":35}},"56":{"start":{"line":248,"column":4},"end":{"line":248,"column":19}},"57":{"start":{"line":254,"column":41},"end":{"line":312,"column":1}},"58":{"start":{"line":255,"column":23},"end":{"line":262,"column":5}},"59":{"start":{"line":264,"column":24},"end":{"line":271,"column":5}},"60":{"start":{"line":273,"column":4},"end":{"line":287,"column":5}},"61":{"start":{"line":274,"column":8},"end":{"line":286,"column":9}},"62":{"start":{"line":275,"column":12},"end":{"line":275,"column":44}},"63":{"start":{"line":289,"column":25},"end":{"line":289,"column":88}},"64":{"start":{"line":289,"column":70},"end":{"line":289,"column":84}},"65":{"start":{"line":291,"column":4},"end":{"line":303,"column":5}},"66":{"start":{"line":305,"column":4},"end":{"line":311,"column":6}},"67":{"start":{"line":308,"column":55},"end":{"line":308,"column":68}}},"fnMap":{"0":{"name":"(anonymous_0)","decl":{"start":{"line":35,"column":28},"end":{"line":35,"column":29}},"loc":{"start":{"line":38,"column":6},"end":{"line":59,"column":1}},"line":38},"1":{"name":"(anonymous_1)","decl":{"start":{"line":66,"column":22},"end":{"line":66,"column":23}},"loc":{"start":{"line":66,"column":34},"end":{"line":93,"column":1}},"line":66},"2":{"name":"(anonymous_2)","decl":{"start":{"line":104,"column":22},"end":{"line":104,"column":23}},"loc":{"start":{"line":104,"column":34},"end":{"line":128,"column":1}},"line":104},"3":{"name":"(anonymous_3)","decl":{"start":{"line":133,"column":22},"end":{"line":133,"column":23}},"loc":{"start":{"line":133,"column":34},"end":{"line":159,"column":1}},"line":133},"4":{"name":"(anonymous_4)","decl":{"start":{"line":164,"column":22},"end":{"line":164,"column":23}},"loc":{"start":{"line":164,"column":34},"end":{"line":189,"column":1}},"line":164},"5":{"name":"(anonymous_5)","decl":{"start":{"line":194,"column":22},"end":{"line":194,"column":23}},"loc":{"start":{"line":194,"column":34},"end":{"line":216,"column":1}},"line":194},"6":{"name":"(anonymous_6)","decl":{"start":{"line":221,"column":22},"end":{"line":221,"column":23}},"loc":{"start":{"line":221,"column":34},"end":{"line":249,"column":1}},"line":221},"7":{"name":"(anonymous_7)","decl":{"start":{"line":254,"column":41},"end":{"line":254,"column":42}},"loc":{"start":{"line":254,"column":53},"end":{"line":312,"column":1}},"line":254},"8":{"name":"(anonymous_8)","decl":{"start":{"line":289,"column":58},"end":{"line":289,"column":59}},"loc":{"start":{"line":289,"column":70},"end":{"line":289,"column":84}},"line":289},"9":{"name":"(anonymous_9)","decl":{"start":{"line":308,"column":43},"end":{"line":308,"column":44}},"loc":{"start":{"line":308,"column":55},"end":{"line":308,"column":68}},"line":308}},"branchMap":{"0":{"loc":{"start":{"line":36,"column":12},"end":{"line":36,"column":38}},"type":"default-arg","locations":[{"start":{"line":36,"column":34},"end":{"line":36,"column":38}}],"line":36},"1":{"loc":{"start":{"line":36,"column":40},"end":{"line":36,"column":61}},"type":"default-arg","locations":[{"start":{"line":36,"column":57},"end":{"line":36,"column":61}}],"line":36},"2":{"loc":{"start":{"line":36,"column":63},"end":{"line":36,"column":72}},"type":"default-arg","locations":[{"start":{"line":36,"column":68},"end":{"line":36,"column":72}}],"line":36},"3":{"loc":{"start":{"line":37,"column":4},"end":{"line":37,"column":16}},"type":"default-arg","locations":[{"start":{"line":37,"column":14},"end":{"line":37,"column":16}}],"line":37},"4":{"loc":{"start":{"line":37,"column":18},"end":{"line":37,"column":37}},"type":"default-arg","locations":[{"start":{"line":37,"column":35},"end":{"line":37,"column":37}}],"line":37},"5":{"loc":{"start":{"line":40,"column":4},"end":{"line":40,"column":26}},"type":"if","locations":[{"start":{"line":40,"column":4},"end":{"line":40,"column":26}},{"start":{},"end":{}}],"line":40},"6":{"loc":{"start":{"line":49,"column":4},"end":{"line":49,"column":30}},"type":"if","locations":[{"start":{"line":49,"column":4},"end":{"line":49,"column":30}},{"start":{},"end":{}}],"line":49},"7":{"loc":{"start":{"line":90,"column":8},"end":{"line":90,"column":35}},"type":"if","locations":[{"start":{"line":90,"column":8},"end":{"line":90,"column":35}},{"start":{},"end":{}}],"line":90},"8":{"loc":{"start":{"line":125,"column":8},"end":{"line":125,"column":35}},"type":"if","locations":[{"start":{"line":125,"column":8},"end":{"line":125,"column":35}},{"start":{},"end":{}}],"line":125},"9":{"loc":{"start":{"line":153,"column":24},"end":{"line":153,"column":49}},"type":"binary-expr","locations":[{"start":{"line":153,"column":24},"end":{"line":153,"column":41}},{"start":{"line":153,"column":45},"end":{"line":153,"column":49}}],"line":153},"10":{"loc":{"start":{"line":156,"column":8},"end":{"line":156,"column":35}},"type":"if","locations":[{"start":{"line":156,"column":8},"end":{"line":156,"column":35}},{"start":{},"end":{}}],"line":156},"11":{"loc":{"start":{"line":186,"column":8},"end":{"line":186,"column":35}},"type":"if","locations":[{"start":{"line":186,"column":8},"end":{"line":186,"column":35}},{"start":{},"end":{}}],"line":186},"12":{"loc":{"start":{"line":213,"column":8},"end":{"line":213,"column":35}},"type":"if","locations":[{"start":{"line":213,"column":8},"end":{"line":213,"column":35}},{"start":{},"end":{}}],"line":213},"13":{"loc":{"start":{"line":246,"column":8},"end":{"line":246,"column":35}},"type":"if","locations":[{"start":{"line":246,"column":8},"end":{"line":246,"column":35}},{"start":{},"end":{}}],"line":246},"14":{"loc":{"start":{"line":291,"column":4},"end":{"line":303,"column":5}},"type":"if","locations":[{"start":{"line":291,"column":4},"end":{"line":303,"column":5}},{"start":{},"end":{}}],"line":291}},"s":{"0":0,"1":0,"2":0,"3":0,"4":0,"5":0,"6":0,"7":0,"8":0,"9":0,"10":0,"11":0,"12":0,"13":0,"14":0,"15":0,"16":0,"17":0,"18":0,"19":0,"20":0,"21":0,"22":0,"23":0,"24":0,"25":0,"26":0,"27":0,"28":0,"29":0,"30":0,"31":0,"32":0,"33":0,"34":0,"35":0,"36":0,"37":0,"38":0,"39":0,"40":0,"41":0,"42":0,"43":0,"44":0,"45":0,"46":0,"47":0,"48":0,"49":0,"50":0,"51":0,"52":0,"53":0,"54":0,"55":0,"56":0,"57":0,"58":0,"59":0,"60":0,"61":0,"62":0,"63":0,"64":0,"65":0,"66":0,"67":0},"f":{"0":0,"1":0,"2":0,"3":0,"4":0,"5":0,"6":0,"7":0,"8":0,"9":0},"b":{"0":[0],"1":[0],"2":[0],"3":[0],"4":[0],"5":[0,0],"6":[0,0],"7":[0,0],"8":[0,0],"9":[0,0],"10":[0,0],"11":[0,0],"12":[0,0],"13":[0,0],"14":[0,0]},"inputSourceMap":null}
,"/Users/marvinmolloramirez/7mo Semestre/Arquitectura software/proyecto 1/BackEnd-Proyecto-Arqui/src/utils/asyncHandler.js": {"path":"/Users/marvinmolloramirez/7mo Semestre/Arquitectura software/proyecto 1/BackEnd-Proyecto-Arqui/src/utils/asyncHandler.js","statementMap":{"0":{"start":{"line":1,"column":28},"end":{"line":2,"column":49}},"1":{"start":{"line":1,"column":36},"end":{"line":2,"column":49}},"2":{"start":{"line":2,"column":2},"end":{"line":2,"column":49}}},"fnMap":{"0":{"name":"(anonymous_0)","decl":{"start":{"line":1,"column":28},"end":{"line":1,"column":29}},"loc":{"start":{"line":1,"column":36},"end":{"line":2,"column":49}},"line":1},"1":{"name":"(anonymous_1)","decl":{"start":{"line":1,"column":36},"end":{"line":1,"column":37}},"loc":{"start":{"line":2,"column":2},"end":{"line":2,"column":49}},"line":2}},"branchMap":{},"s":{"0":1,"1":3,"2":3},"f":{"0":3,"1":3},"b":{},"inputSourceMap":null,"_coverageSchema":"1a1c01bbd47fc00a2c39e90264f33305004495a9","hash":"9a3bd03a4386dd3cbb20c82f71624c6d0535fa3f"}
,"/Users/marvinmolloramirez/7mo Semestre/Arquitectura software/proyecto 1/BackEnd-Proyecto-Arqui/src/validators/autenticacion.validator.js": {"path":"/Users/marvinmolloramirez/7mo Semestre/Arquitectura software/proyecto 1/BackEnd-Proyecto-Arqui/src/validators/autenticacion.validator.js","statementMap":{"0":{"start":{"line":1,"column":24},"end":{"line":1,"column":56}},"1":{"start":{"line":2,"column":30},"end":{"line":2,"column":101}},"2":{"start":{"line":4,"column":42},"end":{"line":9,"column":1}},"3":{"start":{"line":5,"column":17},"end":{"line":5,"column":43}},"4":{"start":{"line":6,"column":2},"end":{"line":8,"column":3}},"5":{"start":{"line":7,"column":4},"end":{"line":7,"column":70}},"6":{"start":{"line":11,"column":37},"end":{"line":16,"column":1}},"7":{"start":{"line":12,"column":24},"end":{"line":12,"column":46}},"8":{"start":{"line":13,"column":2},"end":{"line":15,"column":3}},"9":{"start":{"line":14,"column":4},"end":{"line":14,"column":132}},"10":{"start":{"line":18,"column":40},"end":{"line":24,"column":1}},"11":{"start":{"line":19,"column":2},"end":{"line":21,"column":3}},"12":{"start":{"line":20,"column":4},"end":{"line":20,"column":60}},"13":{"start":{"line":23,"column":2},"end":{"line":23,"column":36}},"14":{"start":{"line":26,"column":41},"end":{"line":33,"column":1}},"15":{"start":{"line":27,"column":2},"end":{"line":29,"column":3}},"16":{"start":{"line":28,"column":4},"end":{"line":28,"column":66}},"17":{"start":{"line":31,"column":2},"end":{"line":31,"column":36}},"18":{"start":{"line":32,"column":2},"end":{"line":32,"column":34}},"19":{"start":{"line":35,"column":37},"end":{"line":45,"column":1}},"20":{"start":{"line":36,"column":2},"end":{"line":38,"column":3}},"21":{"start":{"line":37,"column":4},"end":{"line":37,"column":84}},"22":{"start":{"line":40,"column":2},"end":{"line":42,"column":3}},"23":{"start":{"line":41,"column":4},"end":{"line":41,"column":85}},"24":{"start":{"line":44,"column":2},"end":{"line":44,"column":40}}},"fnMap":{"0":{"name":"(anonymous_0)","decl":{"start":{"line":4,"column":42},"end":{"line":4,"column":43}},"loc":{"start":{"line":4,"column":53},"end":{"line":9,"column":1}},"line":4},"1":{"name":"(anonymous_1)","decl":{"start":{"line":11,"column":37},"end":{"line":11,"column":38}},"loc":{"start":{"line":11,"column":51},"end":{"line":16,"column":1}},"line":11},"2":{"name":"(anonymous_2)","decl":{"start":{"line":18,"column":40},"end":{"line":18,"column":41}},"loc":{"start":{"line":18,"column":65},"end":{"line":24,"column":1}},"line":18},"3":{"name":"(anonymous_3)","decl":{"start":{"line":26,"column":41},"end":{"line":26,"column":42}},"loc":{"start":{"line":26,"column":92},"end":{"line":33,"column":1}},"line":26},"4":{"name":"(anonymous_4)","decl":{"start":{"line":35,"column":37},"end":{"line":35,"column":38}},"loc":{"start":{"line":35,"column":78},"end":{"line":45,"column":1}},"line":35}},"branchMap":{"0":{"loc":{"start":{"line":5,"column":24},"end":{"line":5,"column":35}},"type":"binary-expr","locations":[{"start":{"line":5,"column":24},"end":{"line":5,"column":29}},{"start":{"line":5,"column":33},"end":{"line":5,"column":35}}],"line":5},"1":{"loc":{"start":{"line":6,"column":2},"end":{"line":8,"column":3}},"type":"if","locations":[{"start":{"line":6,"column":2},"end":{"line":8,"column":3}},{"start":{},"end":{}}],"line":6},"2":{"loc":{"start":{"line":12,"column":31},"end":{"line":12,"column":45}},"type":"binary-expr","locations":[{"start":{"line":12,"column":31},"end":{"line":12,"column":39}},{"start":{"line":12,"column":43},"end":{"line":12,"column":45}}],"line":12},"3":{"loc":{"start":{"line":13,"column":2},"end":{"line":15,"column":3}},"type":"if","locations":[{"start":{"line":13,"column":2},"end":{"line":15,"column":3}},{"start":{},"end":{}}],"line":13},"4":{"loc":{"start":{"line":19,"column":2},"end":{"line":21,"column":3}},"type":"if","locations":[{"start":{"line":19,"column":2},"end":{"line":21,"column":3}},{"start":{},"end":{}}],"line":19},"5":{"loc":{"start":{"line":19,"column":6},"end":{"line":19,"column":25}},"type":"binary-expr","locations":[{"start":{"line":19,"column":6},"end":{"line":19,"column":12}},{"start":{"line":19,"column":16},"end":{"line":19,"column":25}}],"line":19},"6":{"loc":{"start":{"line":27,"column":2},"end":{"line":29,"column":3}},"type":"if","locations":[{"start":{"line":27,"column":2},"end":{"line":29,"column":3}},{"start":{},"end":{}}],"line":27},"7":{"loc":{"start":{"line":27,"column":6},"end":{"line":27,"column":57}},"type":"binary-expr","locations":[{"start":{"line":27,"column":6},"end":{"line":27,"column":13}},{"start":{"line":27,"column":17},"end":{"line":27,"column":34}},{"start":{"line":27,"column":38},"end":{"line":27,"column":44}},{"start":{"line":27,"column":48},"end":{"line":27,"column":57}}],"line":27},"8":{"loc":{"start":{"line":36,"column":2},"end":{"line":38,"column":3}},"type":"if","locations":[{"start":{"line":36,"column":2},"end":{"line":38,"column":3}},{"start":{},"end":{}}],"line":36},"9":{"loc":{"start":{"line":36,"column":6},"end":{"line":36,"column":41}},"type":"binary-expr","locations":[{"start":{"line":36,"column":6},"end":{"line":36,"column":22}},{"start":{"line":36,"column":26},"end":{"line":36,"column":41}}],"line":36},"10":{"loc":{"start":{"line":40,"column":2},"end":{"line":42,"column":3}},"type":"if","locations":[{"start":{"line":40,"column":2},"end":{"line":42,"column":3}},{"start":{},"end":{}}],"line":40}},"s":{"0":2,"1":2,"2":2,"3":13,"4":13,"5":3,"6":2,"7":6,"8":6,"9":2,"10":2,"11":7,"12":1,"13":6,"14":2,"15":4,"16":1,"17":3,"18":3,"19":2,"20":1,"21":0,"22":1,"23":1,"24":0},"f":{"0":13,"1":6,"2":7,"3":4,"4":1},"b":{"0":[13,2],"1":[3,10],"2":[6,0],"3":[2,4],"4":[1,6],"5":[7,7],"6":[1,3],"7":[4,4,3,3],"8":[0,1],"9":[1,1],"10":[1,0]},"inputSourceMap":null,"_coverageSchema":"1a1c01bbd47fc00a2c39e90264f33305004495a9","hash":"e7ba7729268c9ceb99981dfea50c5f8111512e2f"}
}
