TN:
SF:src/middlewares/autenticacion.middleware.js
FN:5,(anonymous_0)
FN:12,(anonymous_1)
FN:40,(anonymous_2)
FN:56,(anonymous_3)
FN:71,(anonymous_4)
FNF:5
FNH:1
FNDA:10,(anonymous_0)
FNDA:0,(anonymous_1)
FNDA:0,(anonymous_2)
FNDA:0,(anonymous_3)
FNDA:0,(anonymous_4)
DA:5,1
DA:6,10
DA:7,10
DA:8,1
DA:13,1
DA:14,1
DA:15,1
DA:18,9
DA:19,9
DA:20,9
DA:26,8
DA:30,8
DA:32,8
DA:33,2
DA:41,2
DA:42,2
DA:43,2
DA:46,6
DA:47,2
DA:48,2
DA:49,1
DA:57,1
DA:58,1
DA:59,1
DA:63,5
DA:64,5
DA:66,1
DA:72,1
DA:73,1
DA:74,1
LF:30
LH:30
BRDA:7,0,0,1
BRDA:7,0,1,9
BRDA:32,1,0,2
BRDA:32,1,1,6
BRDA:46,2,0,2
BRDA:46,2,1,4
BRDA:48,3,0,1
BRDA:48,3,1,1
BRDA:67,4,0,0
BRDA:67,4,1,1
BRDA:70,5,0,1
BRDA:70,5,1,0
BRF:12
BRH:10
end_of_record
TN:
SF:src/middlewares/roles.middleware.js
FN:5,(anonymous_0)
FN:7,(anonymous_1)
FN:19,(anonymous_2)
FN:35,(anonymous_3)
FN:37,(anonymous_4)
FN:48,(anonymous_5)
FN:57,(anonymous_6)
FN:68,(anonymous_7)
FNF:8
FNH:5
FNDA:3,(anonymous_0)
FNDA:3,(anonymous_1)
FNDA:0,(anonymous_2)
FNDA:4,(anonymous_3)
FNDA:4,(anonymous_4)
FNDA:0,(anonymous_5)
FNDA:2,(anonymous_6)
FNDA:0,(anonymous_7)
DA:5,1
DA:6,3
DA:7,3
DA:8,3
DA:9,1
DA:24,1
DA:25,1
DA:26,1
DA:28,2
DA:35,1
DA:36,4
DA:37,4
DA:38,4
DA:39,4
DA:40,4
DA:41,1
DA:49,1
DA:50,1
DA:51,1
DA:54,3
DA:57,2
DA:58,1
DA:72,1
DA:73,1
DA:74,1
DA:76,1
DA:78,1
DA:79,1
DA:80,1
LF:29
LH:29
BRDA:8,0,0,1
BRDA:8,0,1,2
BRDA:17,1,0,1
BRDA:17,1,1,0
BRDA:40,2,0,1
BRDA:40,2,1,3
BRDA:57,3,0,1
BRDA:57,3,1,1
BRDA:57,4,0,2
BRDA:57,4,1,2
BRF:10
BRH:9
end_of_record
TN:
SF:src/middlewares/sanitizacion.middleware.js
FN:46,(anonymous_0)
FN:54,(anonymous_1)
FN:70,(anonymous_2)
FN:74,(anonymous_3)
FN:120,(anonymous_4)
FN:124,(anonymous_5)
FN:134,(anonymous_6)
FN:138,(anonymous_7)
FN:143,(anonymous_8)
FN:164,(anonymous_9)
FN:166,(anonymous_10)
FN:170,(anonymous_11)
FNF:12
FNH:0
FNDA:0,(anonymous_0)
FNDA:0,(anonymous_1)
FNDA:0,(anonymous_2)
FNDA:0,(anonymous_3)
FNDA:0,(anonymous_4)
FNDA:0,(anonymous_5)
FNDA:0,(anonymous_6)
FNDA:0,(anonymous_7)
FNDA:0,(anonymous_8)
FNDA:0,(anonymous_9)
FNDA:0,(anonymous_10)
FNDA:0,(anonymous_11)
DA:24,0
DA:44,0
DA:46,0
DA:47,0
DA:54,0
DA:55,0
DA:57,0
DA:63,0
DA:64,0
DA:67,0
DA:70,0
DA:71,0
DA:73,0
DA:74,0
DA:77,0
DA:78,0
DA:79,0
DA:80,0
DA:81,0
DA:82,0
DA:83,0
DA:85,0
DA:88,0
DA:91,0
DA:103,0
DA:116,0
DA:120,0
DA:121,0
DA:122,0
DA:125,0
DA:126,0
DA:127,0
DA:134,0
DA:135,0
DA:138,0
DA:139,0
DA:140,0
DA:142,0
DA:143,0
DA:146,0
DA:147,0
DA:148,0
DA:149,0
DA:150,0
DA:151,0
DA:152,0
DA:153,0
DA:155,0
DA:158,0
DA:161,0
DA:164,0
DA:165,0
DA:166,0
DA:167,0
DA:170,0
DA:171,0
DA:172,0
DA:174,0
DA:176,0
DA:177,0
DA:178,0
DA:179,0
DA:183,0
DA:184,0
DA:185,0
DA:186,0
DA:187,0
DA:191,0
LF:68
LH:0
BRDA:55,0,0,0
BRDA:55,0,1,0
BRDA:63,1,0,0
BRDA:63,1,1,0
BRDA:70,2,0,0
BRDA:71,3,0,0
BRDA:71,3,1,0
BRDA:71,4,0,0
BRDA:71,4,1,0
BRDA:71,4,2,0
BRDA:73,5,0,0
BRDA:73,5,1,0
BRDA:77,6,0,0
BRDA:77,6,1,0
BRDA:80,7,0,0
BRDA:80,7,1,0
BRDA:82,8,0,0
BRDA:82,8,1,0
BRDA:82,9,0,0
BRDA:82,9,1,0
BRDA:121,10,0,0
BRDA:121,10,1,0
BRDA:126,11,0,0
BRDA:126,11,1,0
BRDA:135,12,0,0
BRDA:135,12,1,0
BRDA:135,12,2,0
BRDA:138,13,0,0
BRDA:139,14,0,0
BRDA:139,14,1,0
BRDA:139,15,0,0
BRDA:139,15,1,0
BRDA:139,15,2,0
BRDA:140,16,0,0
BRDA:140,16,1,0
BRDA:142,17,0,0
BRDA:142,17,1,0
BRDA:146,18,0,0
BRDA:146,18,1,0
BRDA:149,19,0,0
BRDA:149,19,1,0
BRDA:150,20,0,0
BRDA:150,20,1,0
BRDA:150,21,0,0
BRDA:150,21,1,0
BRDA:152,22,0,0
BRDA:152,22,1,0
BRDA:152,23,0,0
BRDA:152,23,1,0
BRDA:152,23,2,0
BRDA:171,24,0,0
BRDA:171,24,1,0
BRDA:171,25,0,0
BRDA:171,25,1,0
BRDA:174,26,0,0
BRDA:174,26,1,0
BRDA:174,27,0,0
BRDA:174,27,1,0
BRDA:178,28,0,0
BRDA:178,28,1,0
BRDA:183,29,0,0
BRDA:183,29,1,0
BRDA:183,30,0,0
BRDA:183,30,1,0
BRDA:186,31,0,0
BRDA:186,31,1,0
BRF:66
BRH:0
end_of_record
TN:
SF:src/middlewares/secureByDefault.middleware.js
FN:26,(anonymous_0)
FN:31,(anonymous_1)
FNF:2
FNH:0
FNDA:0,(anonymous_0)
FNDA:0,(anonymous_1)
DA:4,0
DA:26,0
DA:27,0
DA:28,0
DA:31,0
DA:32,0
DA:33,0
DA:34,0
DA:37,0
DA:38,0
DA:42,0
LF:11
LH:0
BRDA:33,0,0,0
BRDA:33,0,1,0
BRDA:34,1,0,0
BRDA:34,1,1,0
BRDA:37,2,0,0
BRDA:37,2,1,0
BRF:6
BRH:0
end_of_record
TN:
SF:src/middlewares/validaciones.auth.js
FN:5,(anonymous_0)
FNF:1
FNH:0
FNDA:0,(anonymous_0)
DA:3,0
DA:6,0
DA:7,0
DA:9,0
DA:14,0
DA:19,0
DA:23,0
LF:7
LH:0
BRDA:6,0,0,0
BRDA:6,0,1,0
BRF:2
BRH:0
end_of_record
TN:
SF:src/middlewares/validation.middleware.js
FN:8,(anonymous_0)
FN:13,(anonymous_1)
FNF:2
FNH:0
FNDA:0,(anonymous_0)
FNDA:0,(anonymous_1)
DA:8,0
DA:9,0
DA:10,0
DA:11,0
DA:13,0
DA:20,0
LF:6
LH:0
BRDA:10,0,0,0
BRDA:10,0,1,0
BRF:2
BRH:0
end_of_record
TN:
SF:src/services/auditoria.service.js
FN:15,(anonymous_0)
FN:36,(anonymous_1)
FN:53,(anonymous_2)
FNF:3
FNH:0
FNDA:0,(anonymous_0)
FNDA:0,(anonymous_1)
FNDA:0,(anonymous_2)
DA:15,0
DA:16,0
DA:21,0
DA:23,0
DA:24,0
DA:25,0
DA:27,0
DA:29,0
DA:36,0
DA:37,0
DA:38,0
DA:40,0
DA:41,0
DA:53,0
DA:54,0
DA:55,0
DA:56,0
DA:58,0
DA:64,0
DA:66,0
DA:67,0
DA:69,0
DA:70,0
DA:73,0
DA:74,0
DA:76,0
DA:77,0
DA:78,0
DA:79,0
DA:87,0
LF:30
LH:0
BRDA:15,0,0,0
BRDA:15,1,0,0
BRDA:53,2,0,0
BRDA:53,3,0,0
BRDA:64,4,0,0
BRDA:64,4,1,0
BRDA:64,5,0,0
BRDA:64,5,1,0
BRDA:67,6,0,0
BRDA:67,6,1,0
BRDA:69,7,0,0
BRDA:69,7,1,0
BRDA:70,8,0,0
BRDA:70,8,1,0
BRDA:73,9,0,0
BRDA:73,9,1,0
BRDA:73,10,0,0
BRDA:73,10,1,0
BRDA:74,11,0,0
BRDA:74,11,1,0
BRDA:74,12,0,0
BRDA:74,12,1,0
BRDA:76,13,0,0
BRDA:76,13,1,0
BRF:24
BRH:0
end_of_record
TN:
SF:src/services/autenticacion.servicio.js
FN:41,(anonymous_0)
FN:44,(anonymous_1)
FN:47,(anonymous_2)
FN:64,(anonymous_3)
FN:68,(anonymous_4)
FN:131,(anonymous_5)
FN:170,(anonymous_6)
FN:223,(anonymous_7)
FN:241,(anonymous_8)
FN:248,(anonymous_9)
FN:250,(anonymous_10)
FN:274,(anonymous_11)
FN:281,(anonymous_12)
FN:327,(anonymous_13)
FN:331,(anonymous_14)
FN:346,(anonymous_15)
FN:351,(anonymous_16)
FN:369,(anonymous_17)
FNF:18
FNH:9
FNDA:2,(anonymous_0)
FNDA:1,(anonymous_1)
FNDA:1,(anonymous_2)
FNDA:6,(anonymous_3)
FNDA:6,(anonymous_4)
FNDA:0,(anonymous_5)
FNDA:2,(anonymous_6)
FNDA:1,(anonymous_7)
FNDA:0,(anonymous_8)
FNDA:0,(anonymous_9)
FNDA:0,(anonymous_10)
FNDA:0,(anonymous_11)
FNDA:0,(anonymous_12)
FNDA:1,(anonymous_13)
FNDA:1,(anonymous_14)
FNDA:0,(anonymous_15)
FNDA:0,(anonymous_16)
FNDA:0,(anonymous_17)
DA:39,1
DA:41,1
DA:42,2
DA:44,1
DA:45,1
DA:47,1
DA:48,1
DA:64,1
DA:65,6
DA:68,6
DA:70,6
DA:71,6
DA:73,5
DA:74,1
DA:78,4
DA:79,1
DA:85,3
DA:86,1
DA:91,2
DA:92,2
DA:93,1
DA:94,1
DA:97,1
DA:100,1
DA:102,0
DA:103,0
DA:104,0
DA:105,0
DA:120,1
DA:123,1
DA:124,1
DA:125,1
DA:126,0
DA:127,0
DA:134,1
DA:137,1
DA:138,0
DA:139,0
DA:153,1
DA:155,1
DA:170,1
DA:174,2
DA:176,2
DA:178,2
DA:179,2
DA:181,1
DA:182,1
DA:184,1
DA:186,1
DA:187,1
DA:188,1
DA:189,1
DA:190,1
DA:192,1
DA:205,1
DA:206,1
DA:208,1
DA:214,1
DA:223,1
DA:224,1
DA:225,1
DA:226,1
DA:227,1
DA:228,0
DA:232,1
DA:233,1
DA:234,0
DA:236,1
DA:241,1
DA:242,0
DA:243,0
DA:244,0
DA:245,0
DA:248,1
DA:249,0
DA:250,0
DA:252,0
DA:253,0
DA:255,0
DA:256,0
DA:259,0
DA:260,0
DA:261,0
DA:262,0
DA:263,0
DA:265,0
DA:267,0
DA:268,0
DA:270,0
DA:276,0
DA:281,1
DA:282,0
DA:287,0
DA:288,0
DA:290,0
DA:291,0
DA:293,0
DA:294,0
DA:295,0
DA:296,0
DA:300,0
DA:301,0
DA:302,0
DA:304,0
DA:307,0
DA:308,0
DA:313,0
DA:327,1
DA:329,1
DA:331,1
DA:333,1
DA:334,1
DA:336,0
DA:337,0
DA:338,0
DA:340,0
DA:342,0
DA:348,0
DA:351,1
DA:352,0
DA:354,0
DA:355,0
DA:356,0
DA:357,0
DA:360,0
DA:361,0
DA:362,0
DA:364,0
DA:366,0
DA:369,1
DA:370,0
DA:371,0
DA:372,0
DA:374,0
DA:376,0
DA:377,0
DA:378,0
DA:379,0
DA:383,0
DA:384,0
DA:385,0
DA:386,0
DA:388,0
LF:143
LH:68
BRDA:53,0,0,1
BRDA:53,0,1,0
BRDA:71,1,0,1
BRDA:71,1,1,5
BRDA:73,2,0,1
BRDA:73,2,1,4
BRDA:78,3,0,1
BRDA:78,3,1,3
BRDA:78,4,0,4
BRDA:78,4,1,1
BRDA:85,5,0,1
BRDA:85,5,1,2
BRDA:92,6,0,1
BRDA:92,6,1,1
BRDA:97,7,0,1
BRDA:97,7,1,0
BRDA:100,8,0,0
BRDA:100,8,1,1
BRDA:100,9,0,1
BRDA:100,9,1,1
BRDA:125,10,0,0
BRDA:125,10,1,1
BRDA:137,11,0,0
BRDA:137,11,1,1
BRDA:179,12,0,1
BRDA:179,12,1,1
BRDA:182,13,0,0
BRDA:182,13,1,1
BRDA:195,14,0,1
BRDA:195,14,1,1
BRDA:205,15,0,1
BRDA:205,15,1,1
BRDA:224,16,0,0
BRDA:224,16,1,1
BRDA:224,17,0,1
BRDA:224,17,1,1
BRDA:227,18,0,0
BRDA:227,18,1,1
BRDA:233,19,0,0
BRDA:233,19,1,1
BRDA:242,20,0,0
BRDA:242,20,1,0
BRDA:244,21,0,0
BRDA:244,21,1,0
BRDA:253,22,0,0
BRDA:253,22,1,0
BRDA:255,23,0,0
BRDA:255,23,1,0
BRDA:267,24,0,0
BRDA:267,24,1,0
BRDA:288,25,0,0
BRDA:288,25,1,0
BRDA:291,26,0,0
BRDA:291,26,1,0
BRDA:295,27,0,0
BRDA:295,27,1,0
BRDA:302,28,0,0
BRDA:302,28,1,0
BRDA:334,29,0,1
BRDA:334,29,1,0
BRDA:352,30,0,0
BRDA:352,30,1,0
BRDA:352,31,0,0
BRDA:352,31,1,0
BRDA:356,32,0,0
BRDA:356,32,1,0
BRDA:356,33,0,0
BRDA:356,33,1,0
BRDA:372,34,0,0
BRDA:372,34,1,0
BRDA:378,35,0,0
BRDA:378,35,1,0
BRF:72
BRH:32
end_of_record
TN:
SF:src/services/backup.service.js
FN:11,(anonymous_0)
FN:34,(anonymous_1)
FN:56,(anonymous_2)
FN:65,(anonymous_3)
FNF:4
FNH:0
FNDA:0,(anonymous_0)
FNDA:0,(anonymous_1)
FNDA:0,(anonymous_2)
FNDA:0,(anonymous_3)
DA:11,0
DA:12,0
DA:13,0
DA:14,0
DA:17,0
DA:18,0
DA:21,0
DA:22,0
DA:25,0
DA:34,0
DA:35,0
DA:36,0
DA:37,0
DA:38,0
DA:39,0
DA:40,0
DA:42,0
DA:43,0
DA:44,0
DA:45,0
DA:48,0
DA:55,0
DA:56,0
DA:59,0
DA:61,0
DA:62,0
DA:64,0
DA:65,0
DA:66,0
DA:67,0
DA:69,0
DA:70,0
DA:71,0
DA:72,0
DA:73,0
DA:75,0
DA:79,0
DA:82,0
DA:84,0
DA:86,0
DA:90,0
DA:91,0
DA:92,0
DA:94,0
DA:95,0
DA:97,0
LF:46
LH:0
BRDA:13,0,0,0
BRDA:13,0,1,0
BRDA:61,1,0,0
BRDA:61,1,1,0
BRDA:67,2,0,0
BRDA:67,2,1,0
BRDA:67,3,0,0
BRDA:67,3,1,0
BRDA:69,4,0,0
BRDA:69,4,1,0
BRDA:69,5,0,0
BRDA:69,5,1,0
BRDA:70,6,0,0
BRDA:70,6,1,0
BRDA:71,7,0,0
BRDA:71,7,1,0
BRDA:72,8,0,0
BRDA:72,8,1,0
BRDA:97,9,0,0
BRDA:97,9,1,0
BRF:20
BRH:0
end_of_record
TN:
SF:src/services/captcha.service.js
FN:23,(anonymous_0)
FN:35,(anonymous_1)
FN:88,(anonymous_2)
FN:88,(anonymous_3)
FN:104,(anonymous_4)
FNF:5
FNH:0
FNDA:0,(anonymous_0)
FNDA:0,(anonymous_1)
FNDA:0,(anonymous_2)
FNDA:0,(anonymous_3)
FNDA:0,(anonymous_4)
DA:21,0
DA:23,0
DA:35,0
DA:36,0
DA:39,0
DA:40,0
DA:41,0
DA:42,0
DA:45,0
DA:46,0
DA:49,0
DA:50,0
DA:53,0
DA:54,0
DA:55,0
DA:57,0
DA:63,0
DA:65,0
DA:66,0
DA:73,0
DA:75,0
DA:77,0
DA:78,0
DA:88,0
DA:89,0
DA:90,0
DA:91,0
DA:93,0
DA:94,0
DA:106,0
DA:111,0
DA:112,0
LF:32
LH:0
BRDA:24,0,0,0
BRDA:24,0,1,0
BRDA:35,1,0,0
BRDA:39,2,0,0
BRDA:39,2,1,0
BRDA:40,3,0,0
BRDA:40,3,1,0
BRDA:49,4,0,0
BRDA:49,4,1,0
BRDA:49,5,0,0
BRDA:49,5,1,0
BRDA:55,6,0,0
BRDA:55,6,1,0
BRDA:65,7,0,0
BRDA:65,7,1,0
BRDA:77,8,0,0
BRDA:77,8,1,0
BRDA:93,9,0,0
BRDA:93,9,1,0
BRF:19
BRH:0
end_of_record
TN:
SF:src/services/email.service.js
FN:8,(anonymous_0)
FN:16,(anonymous_1)
FN:32,(anonymous_2)
FN:45,(anonymous_3)
FN:84,(anonymous_4)
FN:107,(anonymous_5)
FN:127,(anonymous_6)
FN:147,(anonymous_7)
FN:160,(anonymous_8)
FN:175,(anonymous_9)
FNF:10
FNH:0
FNDA:0,(anonymous_0)
FNDA:0,(anonymous_1)
FNDA:0,(anonymous_2)
FNDA:0,(anonymous_3)
FNDA:0,(anonymous_4)
FNDA:0,(anonymous_5)
FNDA:0,(anonymous_6)
FNDA:0,(anonymous_7)
FNDA:0,(anonymous_8)
FNDA:0,(anonymous_9)
DA:5,0
DA:8,0
DA:9,0
DA:10,0
DA:11,0
DA:12,0
DA:16,0
DA:18,0
DA:19,0
DA:20,0
DA:21,0
DA:32,0
DA:33,0
DA:34,0
DA:35,0
DA:36,0
DA:39,0
DA:40,0
DA:41,0
DA:42,0
DA:45,0
DA:47,0
DA:54,0
DA:55,0
DA:58,0
DA:59,0
DA:69,0
DA:70,0
DA:71,0
DA:72,0
DA:75,0
DA:77,0
DA:78,0
DA:84,0
DA:107,0
DA:127,0
DA:147,0
DA:160,0
DA:175,0
LF:39
LH:0
BRDA:9,0,0,0
BRDA:9,0,1,0
BRDA:11,1,0,0
BRDA:11,1,1,0
BRDA:11,2,0,0
BRDA:11,2,1,0
BRDA:18,3,0,0
BRDA:18,3,1,0
BRDA:19,4,0,0
BRDA:19,4,1,0
BRDA:34,5,0,0
BRDA:34,5,1,0
BRDA:40,6,0,0
BRDA:40,6,1,0
BRDA:45,7,0,0
BRDA:45,7,1,0
BRDA:54,8,0,0
BRDA:54,8,1,0
BRDA:54,9,0,0
BRDA:54,9,1,0
BRDA:69,10,0,0
BRDA:69,10,1,0
BRF:22
BRH:0
end_of_record
TN:
SF:src/services/logger.service.js
FN:31,(anonymous_0)
FN:44,(anonymous_1)
FN:53,(anonymous_2)
FN:62,(anonymous_3)
FN:86,(anonymous_4)
FN:136,(anonymous_5)
FN:203,(anonymous_6)
FN:204,(anonymous_7)
FN:205,(anonymous_8)
FNF:9
FNH:4
FNDA:3,(anonymous_0)
FNDA:0,(anonymous_1)
FNDA:3,(anonymous_2)
FNDA:8,(anonymous_3)
FNDA:0,(anonymous_4)
FNDA:8,(anonymous_5)
FNDA:0,(anonymous_6)
FNDA:0,(anonymous_7)
FNDA:0,(anonymous_8)
DA:19,2
DA:20,2
DA:21,2
DA:23,2
DA:24,2
DA:26,2
DA:31,2
DA:32,3
DA:33,3
DA:34,3
DA:35,3
DA:36,0
DA:37,3
DA:38,0
DA:41,3
DA:44,2
DA:45,0
DA:46,0
DA:47,0
DA:53,2
DA:54,3
DA:55,0
DA:56,0
DA:57,0
DA:58,0
DA:59,0
DA:62,2
DA:63,8
DA:64,0
DA:65,0
DA:66,0
DA:67,0
DA:69,0
DA:86,2
DA:95,0
DA:96,0
DA:97,0
DA:99,0
DA:101,0
DA:103,0
DA:104,0
DA:111,0
DA:136,2
DA:144,8
DA:145,8
DA:146,8
DA:147,8
DA:148,8
DA:157,8
DA:158,1
DA:162,7
DA:163,0
DA:167,7
DA:168,4
DA:171,3
DA:173,3
DA:179,3
DA:180,3
DA:187,0
DA:202,2
DA:203,0
DA:204,0
DA:206,0
DA:207,0
DA:208,0
LF:65
LH:35
BRDA:19,0,0,2
BRDA:19,0,1,0
BRDA:32,1,0,0
BRDA:32,1,1,3
BRDA:32,2,0,3
BRDA:32,2,1,3
BRDA:33,3,0,0
BRDA:33,3,1,3
BRDA:35,4,0,0
BRDA:35,4,1,3
BRDA:37,5,0,0
BRDA:37,5,1,3
BRDA:37,6,0,3
BRDA:37,6,1,0
BRDA:46,7,0,0
BRDA:46,7,1,0
BRDA:54,8,0,3
BRDA:54,8,1,0
BRDA:54,9,0,3
BRDA:54,9,1,3
BRDA:57,10,0,0
BRDA:57,10,1,0
BRDA:57,11,0,0
BRDA:57,11,1,0
BRDA:58,12,0,0
BRDA:58,12,1,0
BRDA:58,13,0,0
BRDA:58,13,1,0
BRDA:59,14,0,0
BRDA:59,14,1,0
BRDA:63,15,0,8
BRDA:63,15,1,0
BRDA:65,16,0,0
BRDA:65,16,1,0
BRDA:66,17,0,0
BRDA:66,17,1,0
BRDA:87,18,0,0
BRDA:90,19,0,0
BRDA:91,20,0,0
BRDA:92,21,0,0
BRDA:93,22,0,0
BRDA:95,23,0,0
BRDA:95,23,1,0
BRDA:95,24,0,0
BRDA:95,24,1,0
BRDA:95,24,2,0
BRDA:95,24,3,0
BRDA:97,25,0,0
BRDA:97,25,1,0
BRDA:101,26,0,0
BRDA:101,26,1,0
BRDA:138,27,0,0
BRDA:139,28,0,5
BRDA:140,29,0,8
BRDA:141,30,0,0
BRDA:142,31,0,1
BRDA:144,32,0,8
BRDA:144,32,1,0
BRDA:144,33,0,8
BRDA:144,33,1,8
BRDA:144,33,2,8
BRDA:144,33,3,8
BRDA:146,34,0,8
BRDA:146,34,1,8
BRDA:147,35,0,8
BRDA:147,35,1,8
BRDA:147,35,2,8
BRDA:148,36,0,8
BRDA:148,36,1,8
BRDA:157,37,0,1
BRDA:157,37,1,7
BRDA:157,38,0,8
BRDA:157,38,1,1
BRDA:157,38,2,1
BRDA:162,39,0,0
BRDA:162,39,1,7
BRDA:162,40,0,7
BRDA:162,40,1,0
BRDA:162,40,2,0
BRDA:167,41,0,4
BRDA:167,41,1,3
BRDA:167,42,0,7
BRDA:167,42,1,7
BRDA:167,42,2,4
BRDA:167,42,3,4
BRDA:171,43,0,3
BRDA:171,43,1,0
BRDA:174,44,0,0
BRDA:174,44,1,3
BRDA:175,45,0,3
BRDA:175,45,1,3
BRDA:175,46,0,3
BRDA:175,46,1,3
BRDA:207,47,0,0
BRDA:207,47,1,0
BRDA:212,48,0,0
BRDA:212,48,1,0
BRF:97
BRH:46
end_of_record
TN:
SF:src/services/paypal.service.js
FN:4,(anonymous_0)
FN:29,(anonymous_1)
FN:62,(anonymous_2)
FNF:3
FNH:3
FNDA:5,(anonymous_0)
FNDA:3,(anonymous_1)
FNDA:2,(anonymous_2)
DA:2,1
DA:4,1
DA:5,5
DA:9,5
DA:18,5
DA:19,5
DA:20,4
DA:29,1
DA:30,3
DA:32,2
DA:53,2
DA:54,2
DA:55,2
DA:62,1
DA:63,2
DA:65,2
DA:73,2
DA:74,2
DA:75,1
LF:19
LH:19
BRDA:19,0,0,1
BRDA:19,0,1,4
BRDA:54,1,0,0
BRDA:54,1,1,2
BRDA:74,2,0,1
BRDA:74,2,1,1
BRF:6
BRH:5
end_of_record
TN:
SF:src/services/administrador.docente/docente.curso.js
FN:3,(anonymous_0)
FNF:1
FNH:0
FNDA:0,(anonymous_0)
DA:3,0
DA:4,0
LF:2
LH:0
BRF:0
BRH:0
end_of_record
TN:
SF:src/services/administrador.docente/docente.service.js
FN:14,(anonymous_0)
FN:17,(anonymous_1)
FN:20,(anonymous_2)
FN:40,(anonymous_3)
FN:43,(anonymous_4)
FN:65,(anonymous_5)
FN:70,(anonymous_6)
FN:72,(anonymous_7)
FNF:8
FNH:0
FNDA:0,(anonymous_0)
FNDA:0,(anonymous_1)
FNDA:0,(anonymous_2)
FNDA:0,(anonymous_3)
FNDA:0,(anonymous_4)
FNDA:0,(anonymous_5)
FNDA:0,(anonymous_6)
FNDA:0,(anonymous_7)
DA:14,0
DA:15,0
DA:17,0
DA:18,0
DA:20,0
DA:21,0
DA:22,0
DA:23,0
DA:24,0
DA:25,0
DA:28,0
DA:29,0
DA:30,0
DA:31,0
DA:32,0
DA:35,0
DA:36,0
DA:40,0
DA:43,0
DA:44,0
DA:45,0
DA:47,0
DA:48,0
DA:50,0
DA:57,0
DA:67,0
DA:70,0
DA:72,0
DA:73,0
DA:80,0
DA:81,0
DA:84,0
LF:32
LH:0
BRDA:45,0,0,0
BRDA:45,0,1,0
BRDA:74,1,0,0
BRDA:74,1,1,0
BRDA:75,2,0,0
BRDA:75,2,1,0
BRDA:76,3,0,0
BRDA:76,3,1,0
BRDA:77,4,0,0
BRDA:77,4,1,0
BRDA:80,5,0,0
BRDA:80,5,1,0
BRDA:80,6,0,0
BRDA:80,6,1,0
BRDA:80,6,2,0
BRF:15
BRH:0
end_of_record
TN:
SF:src/services/certificado/certificado.email.service.js
FN:6,(anonymous_0)
FNF:1
FNH:0
FNDA:0,(anonymous_0)
DA:4,0
DA:6,0
DA:7,0
DA:9,0
DA:10,0
DA:11,0
DA:32,0
LF:7
LH:0
BRDA:9,0,0,0
BRDA:9,0,1,0
BRF:2
BRH:0
end_of_record
TN:
SF:src/services/certificado/certificado.pdf.service.js
FN:13,(anonymous_0)
FN:14,(anonymous_1)
FN:21,(anonymous_2)
FNF:3
FNH:0
FNDA:0,(anonymous_0)
FNDA:0,(anonymous_1)
FNDA:0,(anonymous_2)
DA:13,0
DA:14,0
DA:15,0
DA:16,0
DA:17,0
DA:18,0
DA:20,0
DA:21,0
DA:22,0
DA:25,0
DA:26,0
DA:27,0
DA:31,0
DA:37,0
DA:40,0
DA:41,0
DA:44,0
DA:50,0
DA:53,0
DA:59,0
DA:62,0
DA:68,0
DA:71,0
DA:80,0
DA:83,0
DA:89,0
DA:92,0
DA:101,0
DA:104,0
DA:106,0
DA:109,0
DA:114,0
DA:120,0
DA:122,0
LF:34
LH:0
BRDA:26,0,0,0
BRDA:26,0,1,0
BRF:2
BRH:0
end_of_record
TN:
SF:src/services/docente/curso.estudiante.js
FN:6,(anonymous_0)
FN:10,(anonymous_1)
FNF:2
FNH:0
FNDA:0,(anonymous_0)
FNDA:0,(anonymous_1)
DA:6,0
DA:7,0
DA:10,0
DA:11,0
LF:4
LH:0
BRF:0
BRH:0
end_of_record
TN:
SF:src/services/docente/curso.js
FN:14,(anonymous_0)
FN:23,(anonymous_1)
FN:71,(anonymous_2)
FN:73,(anonymous_3)
FN:75,(anonymous_4)
FN:80,(anonymous_5)
FN:86,(anonymous_6)
FN:97,(anonymous_7)
FN:106,(anonymous_8)
FN:130,(anonymous_9)
FNF:10
FNH:0
FNDA:0,(anonymous_0)
FNDA:0,(anonymous_1)
FNDA:0,(anonymous_2)
FNDA:0,(anonymous_3)
FNDA:0,(anonymous_4)
FNDA:0,(anonymous_5)
FNDA:0,(anonymous_6)
FNDA:0,(anonymous_7)
FNDA:0,(anonymous_8)
FNDA:0,(anonymous_9)
DA:14,0
DA:16,0
DA:17,0
DA:20,0
DA:23,0
DA:25,0
DA:27,0
DA:28,0
DA:31,0
DA:33,0
DA:34,0
DA:37,0
DA:40,0
DA:41,0
DA:44,0
DA:45,0
DA:48,0
DA:49,0
DA:51,0
DA:52,0
DA:55,0
DA:56,0
DA:58,0
DA:59,0
DA:63,0
DA:69,0
DA:70,0
DA:72,0
DA:74,0
DA:76,0
DA:77,0
DA:78,0
DA:81,0
DA:87,0
DA:91,0
DA:97,0
DA:99,0
DA:100,0
DA:103,0
DA:106,0
DA:108,0
DA:109,0
DA:113,0
DA:114,0
DA:115,0
DA:118,0
DA:119,0
DA:122,0
DA:123,0
DA:127,0
DA:130,0
DA:132,0
DA:133,0
DA:136,0
LF:54
LH:0
BRDA:16,0,0,0
BRDA:16,0,1,0
BRDA:27,1,0,0
BRDA:27,1,1,0
BRDA:33,2,0,0
BRDA:33,2,1,0
BRDA:40,3,0,0
BRDA:40,3,1,0
BRDA:44,4,0,0
BRDA:44,4,1,0
BRDA:44,5,0,0
BRDA:44,5,1,0
BRDA:48,6,0,0
BRDA:48,6,1,0
BRDA:48,7,0,0
BRDA:48,7,1,0
BRDA:51,8,0,0
BRDA:51,8,1,0
BRDA:55,9,0,0
BRDA:55,9,1,0
BRDA:56,10,0,0
BRDA:56,10,1,0
BRDA:58,11,0,0
BRDA:58,11,1,0
BRDA:69,12,0,0
BRDA:69,12,1,0
BRDA:76,13,0,0
BRDA:76,13,1,0
BRDA:76,14,0,0
BRDA:76,14,1,0
BRDA:76,14,2,0
BRDA:99,15,0,0
BRDA:99,15,1,0
BRDA:99,16,0,0
BRDA:99,16,1,0
BRDA:108,17,0,0
BRDA:108,17,1,0
BRDA:108,18,0,0
BRDA:108,18,1,0
BRDA:108,18,2,0
BRDA:114,19,0,0
BRDA:114,19,1,0
BRDA:118,20,0,0
BRDA:118,20,1,0
BRDA:122,21,0,0
BRDA:122,21,1,0
BRDA:122,22,0,0
BRDA:122,22,1,0
BRDA:122,22,2,0
BRDA:132,23,0,0
BRDA:132,23,1,0
BRDA:132,24,0,0
BRDA:132,24,1,0
BRF:53
BRH:0
end_of_record
TN:
SF:src/services/docente/estudiante.js
FN:3,(anonymous_0)
FN:12,(anonymous_1)
FNF:2
FNH:0
FNDA:0,(anonymous_0)
FNDA:0,(anonymous_1)
DA:3,0
DA:5,0
DA:6,0
DA:9,0
DA:12,0
DA:19,0
DA:20,0
DA:23,0
DA:30,0
DA:31,0
DA:34,0
LF:11
LH:0
BRDA:5,0,0,0
BRDA:5,0,1,0
BRDA:19,1,0,0
BRDA:19,1,1,0
BRDA:19,2,0,0
BRDA:19,2,1,0
BRDA:30,3,0,0
BRDA:30,3,1,0
BRF:8
BRH:0
end_of_record
TN:
SF:src/services/factura/email.service.js
FN:3,(anonymous_0)
FN:4,(anonymous_1)
FNF:2
FNH:0
FNDA:0,(anonymous_0)
FNDA:0,(anonymous_1)
DA:3,0
DA:4,0
DA:5,0
LF:3
LH:0
BRF:0
BRH:0
end_of_record
TN:
SF:src/services/factura/emisionFactura.service.js
FN:11,(anonymous_0)
FN:20,(anonymous_1)
FN:29,(anonymous_2)
FNF:3
FNH:3
FNDA:3,(anonymous_0)
FNDA:3,(anonymous_1)
FNDA:3,(anonymous_2)
DA:11,1
DA:13,3
DA:15,3
DA:16,1
DA:20,3
DA:23,2
DA:29,3
DA:39,2
DA:42,2
DA:45,2
LF:10
LH:10
BRDA:15,0,0,1
BRDA:15,0,1,2
BRDA:27,1,0,2
BRDA:27,1,1,1
BRF:4
BRH:4
end_of_record
TN:
SF:src/services/factura/factura.service.js
FN:15,(anonymous_0)
FN:16,(anonymous_1)
FN:24,(anonymous_2)
FN:87,(anonymous_3)
FNF:4
FNH:4
FNDA:4,(anonymous_0)
FNDA:4,(anonymous_1)
FNDA:4,(anonymous_2)
FNDA:7,(anonymous_3)
DA:15,1
DA:16,4
DA:17,4
DA:19,4
DA:20,4
DA:21,4
DA:23,4
DA:24,4
DA:25,4
DA:28,4
DA:29,4
DA:30,4
DA:34,4
DA:36,4
DA:37,4
DA:39,0
DA:43,4
DA:44,4
DA:45,4
DA:46,4
DA:47,4
DA:48,4
DA:51,4
DA:52,4
DA:53,4
DA:54,4
DA:55,4
DA:56,4
DA:59,4
DA:62,4
DA:63,4
DA:64,4
DA:65,4
DA:66,4
DA:69,4
DA:72,4
DA:73,4
DA:74,4
DA:75,4
DA:76,4
DA:77,4
DA:80,4
DA:83,4
DA:84,4
DA:85,4
DA:87,4
DA:88,7
DA:89,7
DA:90,7
DA:91,7
DA:93,7
DA:95,7
DA:98,7
DA:101,7
DA:102,7
DA:103,7
DA:106,7
DA:109,7
DA:111,7
DA:115,4
DA:116,4
DA:118,4
DA:120,4
DA:121,4
DA:122,4
DA:123,4
DA:127,4
DA:129,4
DA:130,4
DA:131,4
DA:133,4
DA:134,4
DA:135,4
DA:137,4
DA:138,4
DA:140,4
DA:141,4
DA:143,4
DA:145,0
LF:79
LH:77
BRDA:29,0,0,4
BRDA:29,0,1,0
BRDA:36,1,0,4
BRDA:36,1,1,0
BRDA:55,2,0,3
BRDA:55,2,1,1
BRDA:88,3,0,7
BRDA:88,3,1,0
BRF:8
BRH:5
end_of_record
TN:
SF:src/services/reportes/reportes.pdf.service.js
FN:20,(anonymous_0)
FN:27,(anonymous_1)
FN:34,(anonymous_2)
FN:69,(anonymous_3)
FN:96,(anonymous_4)
FN:111,(anonymous_5)
FN:130,(anonymous_6)
FN:135,(anonymous_7)
FN:155,(anonymous_8)
FN:156,(anonymous_9)
FN:161,(anonymous_10)
FN:162,(anonymous_11)
FN:192,(anonymous_12)
FN:196,(anonymous_13)
FN:201,(anonymous_14)
FN:224,(anonymous_15)
FN:225,(anonymous_16)
FN:230,(anonymous_17)
FN:231,(anonymous_18)
FN:260,(anonymous_19)
FN:264,(anonymous_20)
FN:269,(anonymous_21)
FNF:22
FNH:0
FNDA:0,(anonymous_0)
FNDA:0,(anonymous_1)
FNDA:0,(anonymous_2)
FNDA:0,(anonymous_3)
FNDA:0,(anonymous_4)
FNDA:0,(anonymous_5)
FNDA:0,(anonymous_6)
FNDA:0,(anonymous_7)
FNDA:0,(anonymous_8)
FNDA:0,(anonymous_9)
FNDA:0,(anonymous_10)
FNDA:0,(anonymous_11)
FNDA:0,(anonymous_12)
FNDA:0,(anonymous_13)
FNDA:0,(anonymous_14)
FNDA:0,(anonymous_15)
FNDA:0,(anonymous_16)
FNDA:0,(anonymous_17)
FNDA:0,(anonymous_18)
FNDA:0,(anonymous_19)
FNDA:0,(anonymous_20)
FNDA:0,(anonymous_21)
DA:5,0
DA:6,0
DA:7,0
DA:8,0
DA:9,0
DA:10,0
DA:11,0
DA:14,0
DA:15,0
DA:16,0
DA:17,0
DA:20,0
DA:21,0
DA:22,0
DA:27,0
DA:28,0
DA:34,0
DA:36,0
DA:39,0
DA:45,0
DA:51,0
DA:56,0
DA:62,0
DA:69,0
DA:70,0
DA:71,0
DA:73,0
DA:74,0
DA:75,0
DA:82,0
DA:96,0
DA:97,0
DA:98,0
DA:100,0
DA:101,0
DA:102,0
DA:103,0
DA:106,0
DA:111,0
DA:112,0
DA:116,0
DA:123,0
DA:130,0
DA:131,0
DA:132,0
DA:133,0
DA:135,0
DA:136,0
DA:138,0
DA:139,0
DA:144,0
DA:151,0
DA:155,0
DA:156,0
DA:157,0
DA:158,0
DA:159,0
DA:161,0
DA:162,0
DA:163,0
DA:165,0
DA:172,0
DA:181,0
DA:191,0
DA:192,0
DA:194,0
DA:196,0
DA:197,0
DA:198,0
DA:199,0
DA:200,0
DA:201,0
DA:204,0
DA:215,0
DA:216,0
DA:218,0
DA:224,0
DA:225,0
DA:226,0
DA:227,0
DA:228,0
DA:230,0
DA:231,0
DA:232,0
DA:234,0
DA:241,0
DA:249,0
DA:259,0
DA:260,0
DA:262,0
DA:264,0
DA:265,0
DA:266,0
DA:267,0
DA:268,0
DA:269,0
DA:272,0
DA:283,0
DA:284,0
DA:286,0
LF:100
LH:0
BRDA:21,0,0,0
BRDA:21,0,1,0
BRDA:28,1,0,0
BRDA:28,1,1,0
BRDA:96,2,0,0
BRDA:97,3,0,0
BRDA:97,4,0,0
BRDA:100,5,0,0
BRDA:100,5,1,0
BRDA:102,6,0,0
BRDA:102,6,1,0
BRDA:107,7,0,0
BRDA:107,7,1,0
BRDA:108,8,0,0
BRDA:108,8,1,0
BRDA:109,9,0,0
BRDA:109,9,1,0
BRDA:111,10,0,0
BRDA:112,11,0,0
BRDA:112,11,1,0
BRDA:197,12,0,0
BRDA:197,12,1,0
BRDA:209,13,0,0
BRDA:209,13,1,0
BRDA:210,14,0,0
BRDA:210,14,1,0
BRDA:211,15,0,0
BRDA:211,15,1,0
BRDA:265,16,0,0
BRDA:265,16,1,0
BRDA:278,17,0,0
BRDA:278,17,1,0
BRDA:279,18,0,0
BRDA:279,18,1,0
BRF:34
BRH:0
end_of_record
TN:
SF:src/services/riesgos/deteccion.service.js
FN:35,(anonymous_0)
FN:66,(anonymous_1)
FN:104,(anonymous_2)
FN:133,(anonymous_3)
FN:164,(anonymous_4)
FN:194,(anonymous_5)
FN:221,(anonymous_6)
FN:254,(anonymous_7)
FN:289,(anonymous_8)
FN:308,(anonymous_9)
FNF:10
FNH:0
FNDA:0,(anonymous_0)
FNDA:0,(anonymous_1)
FNDA:0,(anonymous_2)
FNDA:0,(anonymous_3)
FNDA:0,(anonymous_4)
FNDA:0,(anonymous_5)
FNDA:0,(anonymous_6)
FNDA:0,(anonymous_7)
FNDA:0,(anonymous_8)
FNDA:0,(anonymous_9)
DA:30,0
DA:35,0
DA:39,0
DA:40,0
DA:42,0
DA:49,0
DA:51,0
DA:66,0
DA:67,0
DA:77,0
DA:78,0
DA:79,0
DA:90,0
DA:92,0
DA:104,0
DA:105,0
DA:115,0
DA:116,0
DA:117,0
DA:125,0
DA:127,0
DA:133,0
DA:134,0
DA:142,0
DA:143,0
DA:144,0
DA:156,0
DA:158,0
DA:164,0
DA:165,0
DA:179,0
DA:180,0
DA:181,0
DA:186,0
DA:188,0
DA:194,0
DA:195,0
DA:203,0
DA:204,0
DA:205,0
DA:213,0
DA:215,0
DA:221,0
DA:222,0
DA:236,0
DA:237,0
DA:238,0
DA:246,0
DA:248,0
DA:254,0
DA:255,0
DA:264,0
DA:273,0
DA:274,0
DA:275,0
DA:289,0
DA:291,0
DA:305,0
DA:308,0
LF:59
LH:0
BRDA:36,0,0,0
BRDA:36,1,0,0
BRDA:36,2,0,0
BRDA:37,3,0,0
BRDA:37,4,0,0
BRDA:40,5,0,0
BRDA:40,5,1,0
BRDA:49,6,0,0
BRDA:49,6,1,0
BRDA:90,7,0,0
BRDA:90,7,1,0
BRDA:125,8,0,0
BRDA:125,8,1,0
BRDA:153,9,0,0
BRDA:153,9,1,0
BRDA:156,10,0,0
BRDA:156,10,1,0
BRDA:186,11,0,0
BRDA:186,11,1,0
BRDA:213,12,0,0
BRDA:213,12,1,0
BRDA:246,13,0,0
BRDA:246,13,1,0
BRDA:291,14,0,0
BRDA:291,14,1,0
BRF:25
BRH:0
end_of_record
TN:
SF:src/utils/asyncHandler.js
FN:1,(anonymous_0)
FN:1,(anonymous_1)
FNF:2
FNH:2
FNDA:3,(anonymous_0)
FNDA:3,(anonymous_1)
DA:1,3
DA:2,3
LF:2
LH:2
BRF:0
BRH:0
end_of_record
TN:
SF:src/validators/autenticacion.validator.js
FN:4,(anonymous_0)
FN:11,(anonymous_1)
FN:18,(anonymous_2)
FN:26,(anonymous_3)
FN:35,(anonymous_4)
FNF:5
FNH:5
FNDA:13,(anonymous_0)
FNDA:6,(anonymous_1)
FNDA:7,(anonymous_2)
FNDA:4,(anonymous_3)
FNDA:1,(anonymous_4)
DA:1,2
DA:2,2
DA:4,2
DA:5,13
DA:6,13
DA:7,3
DA:11,2
DA:12,6
DA:13,6
DA:14,2
DA:18,2
DA:19,7
DA:20,1
DA:23,6
DA:26,2
DA:27,4
DA:28,1
DA:31,3
DA:32,3
DA:35,2
DA:36,1
DA:37,0
DA:40,1
DA:41,1
DA:44,0
LF:25
LH:23
BRDA:5,0,0,13
BRDA:5,0,1,2
BRDA:6,1,0,3
BRDA:6,1,1,10
BRDA:12,2,0,6
BRDA:12,2,1,0
BRDA:13,3,0,2
BRDA:13,3,1,4
BRDA:19,4,0,1
BRDA:19,4,1,6
BRDA:19,5,0,7
BRDA:19,5,1,7
BRDA:27,6,0,1
BRDA:27,6,1,3
BRDA:27,7,0,4
BRDA:27,7,1,4
BRDA:27,7,2,3
BRDA:27,7,3,3
BRDA:36,8,0,0
BRDA:36,8,1,1
BRDA:36,9,0,1
BRDA:36,9,1,1
BRDA:40,10,0,1
BRDA:40,10,1,0
BRF:24
BRH:21
end_of_record
